Started GET "/" for ::1 at 2019-05-20 18:26:57 -0500
  
ActiveRecord::NoDatabaseError (Unknown database 'UN_users_development'):
  
activerecord (5.2.3) lib/active_record/connection_adapters/mysql2_adapter.rb:26:in `rescue in mysql2_connection'
activerecord (5.2.3) lib/active_record/connection_adapters/mysql2_adapter.rb:12:in `mysql2_connection'
activerecord (5.2.3) lib/active_record/connection_adapters/abstract/connection_pool.rb:811:in `new_connection'
activerecord (5.2.3) lib/active_record/connection_adapters/abstract/connection_pool.rb:855:in `checkout_new_connection'
activerecord (5.2.3) lib/active_record/connection_adapters/abstract/connection_pool.rb:834:in `try_to_checkout_new_connection'
activerecord (5.2.3) lib/active_record/connection_adapters/abstract/connection_pool.rb:795:in `acquire_connection'
activerecord (5.2.3) lib/active_record/connection_adapters/abstract/connection_pool.rb:523:in `checkout'
activerecord (5.2.3) lib/active_record/connection_adapters/abstract/connection_pool.rb:382:in `connection'
activerecord (5.2.3) lib/active_record/connection_adapters/abstract/connection_pool.rb:1014:in `retrieve_connection'
activerecord (5.2.3) lib/active_record/connection_handling.rb:118:in `retrieve_connection'
activerecord (5.2.3) lib/active_record/connection_handling.rb:90:in `connection'
activerecord (5.2.3) lib/active_record/migration.rb:554:in `call'
actionpack (5.2.3) lib/action_dispatch/middleware/callbacks.rb:28:in `block in call'
activesupport (5.2.3) lib/active_support/callbacks.rb:98:in `run_callbacks'
actionpack (5.2.3) lib/action_dispatch/middleware/callbacks.rb:26:in `call'
actionpack (5.2.3) lib/action_dispatch/middleware/executor.rb:14:in `call'
actionpack (5.2.3) lib/action_dispatch/middleware/debug_exceptions.rb:61:in `call'
web-console (3.7.0) lib/web_console/middleware.rb:135:in `call_app'
web-console (3.7.0) lib/web_console/middleware.rb:30:in `block in call'
web-console (3.7.0) lib/web_console/middleware.rb:20:in `catch'
web-console (3.7.0) lib/web_console/middleware.rb:20:in `call'
actionpack (5.2.3) lib/action_dispatch/middleware/show_exceptions.rb:33:in `call'
railties (5.2.3) lib/rails/rack/logger.rb:38:in `call_app'
railties (5.2.3) lib/rails/rack/logger.rb:26:in `block in call'
activesupport (5.2.3) lib/active_support/tagged_logging.rb:71:in `block in tagged'
activesupport (5.2.3) lib/active_support/tagged_logging.rb:28:in `tagged'
activesupport (5.2.3) lib/active_support/tagged_logging.rb:71:in `tagged'
railties (5.2.3) lib/rails/rack/logger.rb:26:in `call'
sprockets-rails (3.2.1) lib/sprockets/rails/quiet_assets.rb:13:in `call'
actionpack (5.2.3) lib/action_dispatch/middleware/remote_ip.rb:81:in `call'
actionpack (5.2.3) lib/action_dispatch/middleware/request_id.rb:27:in `call'
rack (2.0.7) lib/rack/method_override.rb:22:in `call'
rack (2.0.7) lib/rack/runtime.rb:22:in `call'
activesupport (5.2.3) lib/active_support/cache/strategy/local_cache_middleware.rb:29:in `call'
actionpack (5.2.3) lib/action_dispatch/middleware/executor.rb:14:in `call'
actionpack (5.2.3) lib/action_dispatch/middleware/static.rb:127:in `call'
rack (2.0.7) lib/rack/sendfile.rb:111:in `call'
railties (5.2.3) lib/rails/engine.rb:524:in `call'
puma (3.12.1) lib/puma/configuration.rb:227:in `call'
puma (3.12.1) lib/puma/server.rb:660:in `handle_request'
puma (3.12.1) lib/puma/server.rb:474:in `process_client'
puma (3.12.1) lib/puma/server.rb:334:in `block in run'
puma (3.12.1) lib/puma/thread_pool.rb:135:in `block in spawn_thread'
  [1m[35m (0.3ms)[0m  [1m[35mSET NAMES utf8,  @@SESSION.sql_mode = CONCAT(CONCAT(@@sql_mode, ',STRICT_ALL_TABLES'), ',NO_AUTO_VALUE_ON_ZERO'),  @@SESSION.sql_auto_is_null = 0, @@SESSION.wait_timeout = 2147483[0m
  ↳ /home/stefania/.rvm/gems/ruby-2.6.1/bin/rake:23
  [1m[35m (0.2ms)[0m  [1m[35mCREATE DATABASE `UN_users_development` DEFAULT CHARACTER SET `utf8`[0m
  ↳ /home/stefania/.rvm/gems/ruby-2.6.1/bin/rake:23
  [1m[35m (0.1ms)[0m  [1m[35mSET NAMES utf8,  @@SESSION.sql_mode = CONCAT(CONCAT(@@sql_mode, ',STRICT_ALL_TABLES'), ',NO_AUTO_VALUE_ON_ZERO'),  @@SESSION.sql_auto_is_null = 0, @@SESSION.wait_timeout = 2147483[0m
  ↳ /home/stefania/.rvm/gems/ruby-2.6.1/bin/rake:23
  [1m[35m (0.2ms)[0m  [1m[35mCREATE DATABASE `UN_users_test` DEFAULT CHARACTER SET `utf8`[0m
  ↳ /home/stefania/.rvm/gems/ruby-2.6.1/bin/rake:23
Started GET "/" for ::1 at 2019-05-20 18:28:54 -0500
  [1m[35m (0.3ms)[0m  [1m[35mSET NAMES utf8,  @@SESSION.sql_mode = CONCAT(CONCAT(@@sql_mode, ',STRICT_ALL_TABLES'), ',NO_AUTO_VALUE_ON_ZERO'),  @@SESSION.sql_auto_is_null = 0, @@SESSION.wait_timeout = 2147483[0m
  ↳ /home/stefania/.rvm/gems/ruby-2.6.1/gems/activerecord-5.2.3/lib/active_record/log_subscriber.rb:98
Processing by Rails::WelcomeController#index as HTML
  Rendering /home/stefania/.rvm/gems/ruby-2.6.1/gems/railties-5.2.3/lib/rails/templates/rails/welcome/index.html.erb
  Rendered /home/stefania/.rvm/gems/ruby-2.6.1/gems/railties-5.2.3/lib/rails/templates/rails/welcome/index.html.erb (1.7ms)
Completed 200 OK in 9ms (Views: 3.0ms | ActiveRecord: 0.0ms)


Started GET "/" for ::1 at 2019-05-20 18:38:02 -0500
  [1m[35m (21.6ms)[0m  [1m[35mSET NAMES utf8,  @@SESSION.sql_mode = CONCAT(CONCAT(@@sql_mode, ',STRICT_ALL_TABLES'), ',NO_AUTO_VALUE_ON_ZERO'),  @@SESSION.sql_auto_is_null = 0, @@SESSION.wait_timeout = 2147483[0m
  ↳ /home/stefania/.rvm/gems/ruby-2.6.1/gems/activerecord-5.2.3/lib/active_record/log_subscriber.rb:98
Processing by Rails::WelcomeController#index as HTML
  Rendering /home/stefania/.rvm/gems/ruby-2.6.1/gems/railties-5.2.3/lib/rails/templates/rails/welcome/index.html.erb
  Rendered /home/stefania/.rvm/gems/ruby-2.6.1/gems/railties-5.2.3/lib/rails/templates/rails/welcome/index.html.erb (17.0ms)
Completed 200 OK in 221ms (Views: 200.7ms | ActiveRecord: 0.0ms)


  [1m[35m (1.7ms)[0m  [1m[35mSET NAMES utf8,  @@SESSION.sql_mode = CONCAT(CONCAT(@@sql_mode, ',STRICT_ALL_TABLES'), ',NO_AUTO_VALUE_ON_ZERO'),  @@SESSION.sql_auto_is_null = 0, @@SESSION.wait_timeout = 2147483[0m
  ↳ /home/stefania/.rvm/gems/ruby-2.6.1/bin/rake:23
  [1m[35m (331.4ms)[0m  [1m[35mCREATE TABLE `schema_migrations` (`version` varchar(255) NOT NULL PRIMARY KEY)[0m
  ↳ /home/stefania/.rvm/gems/ruby-2.6.1/bin/rake:23
  [1m[35m (254.0ms)[0m  [1m[35mCREATE TABLE `ar_internal_metadata` (`key` varchar(255) NOT NULL PRIMARY KEY, `value` varchar(255), `created_at` datetime NOT NULL, `updated_at` datetime NOT NULL)[0m
  ↳ /home/stefania/.rvm/gems/ruby-2.6.1/bin/rake:23
  [1m[35m (13.8ms)[0m  [1m[34mSELECT GET_LOCK('6228416789747576130', 0)[0m
  ↳ /home/stefania/.rvm/gems/ruby-2.6.1/bin/rake:23
  [1m[35m (0.3ms)[0m  [1m[34mSELECT `schema_migrations`.`version` FROM `schema_migrations` ORDER BY `schema_migrations`.`version` ASC[0m
  ↳ /home/stefania/.rvm/gems/ruby-2.6.1/bin/rake:23
  [1m[36mActiveRecord::InternalMetadata Load (0.3ms)[0m  [1m[34mSELECT  `ar_internal_metadata`.* FROM `ar_internal_metadata` WHERE `ar_internal_metadata`.`key` = 'environment' LIMIT 1[0m
  ↳ /home/stefania/.rvm/gems/ruby-2.6.1/bin/rake:23
  [1m[35m (0.1ms)[0m  [1m[35mBEGIN[0m
  ↳ /home/stefania/.rvm/gems/ruby-2.6.1/bin/rake:23
  [1m[36mActiveRecord::InternalMetadata Create (8.7ms)[0m  [1m[32mINSERT INTO `ar_internal_metadata` (`key`, `value`, `created_at`, `updated_at`) VALUES ('environment', 'development', '2019-05-20 23:39:03', '2019-05-20 23:39:03')[0m
  ↳ /home/stefania/.rvm/gems/ruby-2.6.1/bin/rake:23
  [1m[35m (50.8ms)[0m  [1m[35mCOMMIT[0m
  ↳ /home/stefania/.rvm/gems/ruby-2.6.1/bin/rake:23
  [1m[35m (0.4ms)[0m  [1m[34mSELECT RELEASE_LOCK('6228416789747576130')[0m
  ↳ /home/stefania/.rvm/gems/ruby-2.6.1/bin/rake:23
  [1m[35m (0.2ms)[0m  [1m[34mSELECT `schema_migrations`.`version` FROM `schema_migrations` ORDER BY `schema_migrations`.`version` ASC[0m
  ↳ /home/stefania/.rvm/gems/ruby-2.6.1/bin/rake:23
Started GET "/" for ::1 at 2019-05-20 19:13:59 -0500
  [1m[35m (272.9ms)[0m  [1m[35mSET NAMES utf8,  @@SESSION.sql_mode = CONCAT(CONCAT(@@sql_mode, ',STRICT_ALL_TABLES'), ',NO_AUTO_VALUE_ON_ZERO'),  @@SESSION.sql_auto_is_null = 0, @@SESSION.wait_timeout = 2147483[0m
  ↳ /home/stefania/.rvm/gems/ruby-2.6.1/gems/activerecord-5.2.3/lib/active_record/log_subscriber.rb:98
Processing by WelcomeController#index as HTML
  Rendering welcome/index.html.erb within layouts/application
  Rendered welcome/index.html.erb within layouts/application (0.6ms)
Completed 200 OK in 2305ms (Views: 2299.1ms | ActiveRecord: 0.0ms)


Started GET "/" for ::1 at 2019-05-20 19:30:49 -0500
  [1m[35m (0.3ms)[0m  [1m[35mSET NAMES utf8,  @@SESSION.sql_mode = CONCAT(CONCAT(@@sql_mode, ',STRICT_ALL_TABLES'), ',NO_AUTO_VALUE_ON_ZERO'),  @@SESSION.sql_auto_is_null = 0, @@SESSION.wait_timeout = 2147483[0m
  ↳ /home/stefania/.rvm/gems/ruby-2.6.1/gems/activerecord-5.2.3/lib/active_record/log_subscriber.rb:98
  [1m[35m (80.6ms)[0m  [1m[34mSELECT `schema_migrations`.`version` FROM `schema_migrations` ORDER BY `schema_migrations`.`version` ASC[0m
  ↳ /home/stefania/.rvm/gems/ruby-2.6.1/gems/activerecord-5.2.3/lib/active_record/log_subscriber.rb:98
  
ActiveRecord::PendingMigrationError (

Migrations are pending. To resolve this issue, run:

        bin/rails db:migrate RAILS_ENV=development

):
  
activerecord (5.2.3) lib/active_record/migration.rb:579:in `check_pending!'
activerecord (5.2.3) lib/active_record/migration.rb:556:in `call'
actionpack (5.2.3) lib/action_dispatch/middleware/callbacks.rb:28:in `block in call'
activesupport (5.2.3) lib/active_support/callbacks.rb:98:in `run_callbacks'
actionpack (5.2.3) lib/action_dispatch/middleware/callbacks.rb:26:in `call'
actionpack (5.2.3) lib/action_dispatch/middleware/executor.rb:14:in `call'
actionpack (5.2.3) lib/action_dispatch/middleware/debug_exceptions.rb:61:in `call'
web-console (3.7.0) lib/web_console/middleware.rb:135:in `call_app'
web-console (3.7.0) lib/web_console/middleware.rb:30:in `block in call'
web-console (3.7.0) lib/web_console/middleware.rb:20:in `catch'
web-console (3.7.0) lib/web_console/middleware.rb:20:in `call'
actionpack (5.2.3) lib/action_dispatch/middleware/show_exceptions.rb:33:in `call'
railties (5.2.3) lib/rails/rack/logger.rb:38:in `call_app'
railties (5.2.3) lib/rails/rack/logger.rb:26:in `block in call'
activesupport (5.2.3) lib/active_support/tagged_logging.rb:71:in `block in tagged'
activesupport (5.2.3) lib/active_support/tagged_logging.rb:28:in `tagged'
activesupport (5.2.3) lib/active_support/tagged_logging.rb:71:in `tagged'
railties (5.2.3) lib/rails/rack/logger.rb:26:in `call'
sprockets-rails (3.2.1) lib/sprockets/rails/quiet_assets.rb:13:in `call'
actionpack (5.2.3) lib/action_dispatch/middleware/remote_ip.rb:81:in `call'
actionpack (5.2.3) lib/action_dispatch/middleware/request_id.rb:27:in `call'
rack (2.0.7) lib/rack/method_override.rb:22:in `call'
rack (2.0.7) lib/rack/runtime.rb:22:in `call'
activesupport (5.2.3) lib/active_support/cache/strategy/local_cache_middleware.rb:29:in `call'
actionpack (5.2.3) lib/action_dispatch/middleware/executor.rb:14:in `call'
actionpack (5.2.3) lib/action_dispatch/middleware/static.rb:127:in `call'
rack (2.0.7) lib/rack/sendfile.rb:111:in `call'
railties (5.2.3) lib/rails/engine.rb:524:in `call'
puma (3.12.1) lib/puma/configuration.rb:227:in `call'
puma (3.12.1) lib/puma/server.rb:660:in `handle_request'
puma (3.12.1) lib/puma/server.rb:474:in `process_client'
puma (3.12.1) lib/puma/server.rb:334:in `block in run'
puma (3.12.1) lib/puma/thread_pool.rb:135:in `block in spawn_thread'
  [1m[35m (0.4ms)[0m  [1m[35mSET NAMES utf8,  @@SESSION.sql_mode = CONCAT(CONCAT(@@sql_mode, ',STRICT_ALL_TABLES'), ',NO_AUTO_VALUE_ON_ZERO'),  @@SESSION.sql_auto_is_null = 0, @@SESSION.wait_timeout = 2147483[0m
  ↳ /home/stefania/.rvm/gems/ruby-2.6.1/bin/rake:23
  [1m[35m (0.2ms)[0m  [1m[34mSELECT GET_LOCK('6228416789747576130', 0)[0m
  ↳ /home/stefania/.rvm/gems/ruby-2.6.1/bin/rake:23
  [1m[35m (0.3ms)[0m  [1m[34mSELECT `schema_migrations`.`version` FROM `schema_migrations` ORDER BY `schema_migrations`.`version` ASC[0m
  ↳ /home/stefania/.rvm/gems/ruby-2.6.1/bin/rake:23
Migrating to CreateUsers (20190521002526)
  [1m[35m (0.2ms)[0m  [1m[34mSELECT RELEASE_LOCK('6228416789747576130')[0m
  ↳ /home/stefania/.rvm/gems/ruby-2.6.1/bin/rake:23
  [1m[35m (0.4ms)[0m  [1m[35mSET NAMES utf8,  @@SESSION.sql_mode = CONCAT(CONCAT(@@sql_mode, ',STRICT_ALL_TABLES'), ',NO_AUTO_VALUE_ON_ZERO'),  @@SESSION.sql_auto_is_null = 0, @@SESSION.wait_timeout = 2147483[0m
  ↳ /home/stefania/.rvm/gems/ruby-2.6.1/bin/rake:23
  [1m[35m (0.2ms)[0m  [1m[34mSELECT GET_LOCK('6228416789747576130', 0)[0m
  ↳ /home/stefania/.rvm/gems/ruby-2.6.1/bin/rake:23
  [1m[35m (0.2ms)[0m  [1m[34mSELECT `schema_migrations`.`version` FROM `schema_migrations` ORDER BY `schema_migrations`.`version` ASC[0m
  ↳ /home/stefania/.rvm/gems/ruby-2.6.1/bin/rake:23
Migrating to CreateUsers (20190521002526)
  [1m[35m (436.1ms)[0m  [1m[35mCREATE TABLE `users` (`id` bigint NOT NULL AUTO_INCREMENT PRIMARY KEY, `provider` varchar(255) DEFAULT 'email' NOT NULL, `uid` varchar(255) DEFAULT '' NOT NULL, `encrypted_password` varchar(255) DEFAULT '' NOT NULL, `reset_password_token` varchar(255), `reset_password_sent_at` datetime, `allow_password_change` tinyint(1) DEFAULT FALSE, `remember_created_at` datetime, `sign_in_count` int DEFAULT 0 NOT NULL, `current_sign_in_at` datetime, `last_sign_in_at` datetime, `current_sign_in_ip` varchar(255), `last_sign_in_ip` varchar(255), `confirmation_token` varchar(255), `confirmed_at` datetime, `confirmation_sent_at` datetime, `unconfirmed_email` varchar(255), `name` varchar(255), `nickname` varchar(255), `image` varchar(255), `email` varchar(255), `tokens` text, `created_at` datetime NOT NULL, `updated_at` datetime NOT NULL)[0m
  ↳ db/migrate/20190521002526_create_users.rb:3
  [1m[35m (224.4ms)[0m  [1m[35mCREATE UNIQUE INDEX `index_users_on_email`  ON `users` (`email`) [0m
  ↳ db/migrate/20190521002526_create_users.rb:49
  [1m[35m (210.9ms)[0m  [1m[35mCREATE UNIQUE INDEX `index_users_on_uid_and_provider`  ON `users` (`uid`, `provider`) [0m
  ↳ db/migrate/20190521002526_create_users.rb:50
  [1m[35m (233.0ms)[0m  [1m[35mCREATE UNIQUE INDEX `index_users_on_reset_password_token`  ON `users` (`reset_password_token`) [0m
  ↳ db/migrate/20190521002526_create_users.rb:51
  [1m[35m (200.0ms)[0m  [1m[35mCREATE UNIQUE INDEX `index_users_on_confirmation_token`  ON `users` (`confirmation_token`) [0m
  ↳ db/migrate/20190521002526_create_users.rb:52
  [1m[35m (0.1ms)[0m  [1m[35mBEGIN[0m
  ↳ /home/stefania/.rvm/gems/ruby-2.6.1/bin/rake:23
  [1m[36mActiveRecord::SchemaMigration Create (12.4ms)[0m  [1m[32mINSERT INTO `schema_migrations` (`version`) VALUES ('20190521002526')[0m
  ↳ /home/stefania/.rvm/gems/ruby-2.6.1/bin/rake:23
  [1m[35m (51.1ms)[0m  [1m[35mCOMMIT[0m
  ↳ /home/stefania/.rvm/gems/ruby-2.6.1/bin/rake:23
  [1m[36mActiveRecord::InternalMetadata Load (24.5ms)[0m  [1m[34mSELECT  `ar_internal_metadata`.* FROM `ar_internal_metadata` WHERE `ar_internal_metadata`.`key` = 'environment' LIMIT 1[0m
  ↳ /home/stefania/.rvm/gems/ruby-2.6.1/bin/rake:23
  [1m[35m (0.2ms)[0m  [1m[35mBEGIN[0m
  ↳ /home/stefania/.rvm/gems/ruby-2.6.1/bin/rake:23
  [1m[35m (0.1ms)[0m  [1m[35mCOMMIT[0m
  ↳ /home/stefania/.rvm/gems/ruby-2.6.1/bin/rake:23
  [1m[35m (0.1ms)[0m  [1m[34mSELECT RELEASE_LOCK('6228416789747576130')[0m
  ↳ /home/stefania/.rvm/gems/ruby-2.6.1/bin/rake:23
  [1m[35m (0.2ms)[0m  [1m[34mSELECT `schema_migrations`.`version` FROM `schema_migrations` ORDER BY `schema_migrations`.`version` ASC[0m
  ↳ /home/stefania/.rvm/gems/ruby-2.6.1/bin/rake:23
Started GET "/" for ::1 at 2019-05-20 19:36:02 -0500
  [1m[35m (0.2ms)[0m  [1m[35mSET NAMES utf8,  @@SESSION.sql_mode = CONCAT(CONCAT(@@sql_mode, ',STRICT_ALL_TABLES'), ',NO_AUTO_VALUE_ON_ZERO'),  @@SESSION.sql_auto_is_null = 0, @@SESSION.wait_timeout = 2147483[0m
  ↳ /home/stefania/.rvm/gems/ruby-2.6.1/gems/activerecord-5.2.3/lib/active_record/log_subscriber.rb:98
  [1m[35m (0.2ms)[0m  [1m[34mSELECT `schema_migrations`.`version` FROM `schema_migrations` ORDER BY `schema_migrations`.`version` ASC[0m
  ↳ /home/stefania/.rvm/gems/ruby-2.6.1/gems/activerecord-5.2.3/lib/active_record/log_subscriber.rb:98
Processing by WelcomeController#index as HTML
  Rendering welcome/index.html.erb within layouts/application
  Rendered welcome/index.html.erb within layouts/application (0.5ms)
Completed 200 OK in 243ms (Views: 235.4ms | ActiveRecord: 0.0ms)


Started GET "/" for ::1 at 2019-05-20 19:48:32 -0500
  [1m[35m (0.3ms)[0m  [1m[35mSET NAMES utf8,  @@SESSION.sql_mode = CONCAT(CONCAT(@@sql_mode, ',STRICT_ALL_TABLES'), ',NO_AUTO_VALUE_ON_ZERO'),  @@SESSION.sql_auto_is_null = 0, @@SESSION.wait_timeout = 2147483[0m
  ↳ /home/stefania/.rvm/gems/ruby-2.6.1/gems/activerecord-5.2.3/lib/active_record/log_subscriber.rb:98
  [1m[35m (0.2ms)[0m  [1m[34mSELECT `schema_migrations`.`version` FROM `schema_migrations` ORDER BY `schema_migrations`.`version` ASC[0m
  ↳ /home/stefania/.rvm/gems/ruby-2.6.1/gems/activerecord-5.2.3/lib/active_record/log_subscriber.rb:98
Processing by WelcomeController#index as HTML
  Rendering welcome/index.html.erb within layouts/application
  Rendered welcome/index.html.erb within layouts/application (0.6ms)
Completed 200 OK in 220ms (Views: 212.7ms | ActiveRecord: 0.0ms)


Started GET "/welcome/index" for ::1 at 2019-05-20 19:48:35 -0500
Processing by WelcomeController#index as HTML
  Rendering welcome/index.html.erb within layouts/application
  Rendered welcome/index.html.erb within layouts/application (0.6ms)
Completed 200 OK in 22ms (Views: 20.9ms | ActiveRecord: 0.0ms)


Started GET "/welcome/index" for ::1 at 2019-05-20 19:48:37 -0500
Processing by WelcomeController#index as HTML
  Rendering welcome/index.html.erb within layouts/application
  Rendered welcome/index.html.erb within layouts/application (0.3ms)
Completed 200 OK in 24ms (Views: 22.7ms | ActiveRecord: 0.0ms)


Started GET "/welcome/index" for ::1 at 2019-05-20 19:48:39 -0500
Processing by WelcomeController#index as HTML
  Rendering welcome/index.html.erb within layouts/application
  Rendered welcome/index.html.erb within layouts/application (0.4ms)
Completed 200 OK in 23ms (Views: 22.3ms | ActiveRecord: 0.0ms)


Started GET "/welcome/index" for ::1 at 2019-05-20 19:49:06 -0500
Processing by WelcomeController#index as HTML
  Rendering welcome/index.html.erb within layouts/application
  Rendered welcome/index.html.erb within layouts/application (0.3ms)
Completed 200 OK in 25ms (Views: 23.7ms | ActiveRecord: 0.0ms)


Started GET "/welcome/index" for ::1 at 2019-05-20 19:50:00 -0500
Processing by WelcomeController#index as HTML
  Rendering welcome/index.html.erb within layouts/application
  Rendered welcome/index.html.erb within layouts/application (0.3ms)
Completed 200 OK in 16ms (Views: 15.6ms | ActiveRecord: 0.0ms)


Started GET "/" for ::1 at 2019-05-20 19:50:02 -0500
Processing by WelcomeController#index as HTML
  Rendering welcome/index.html.erb within layouts/application
  Rendered welcome/index.html.erb within layouts/application (0.5ms)
Completed 200 OK in 28ms (Views: 26.7ms | ActiveRecord: 0.0ms)


Started GET "/" for ::1 at 2019-05-20 19:50:04 -0500
Processing by WelcomeController#index as HTML
  Rendering welcome/index.html.erb within layouts/application
  Rendered welcome/index.html.erb within layouts/application (0.4ms)
Completed 200 OK in 23ms (Views: 21.0ms | ActiveRecord: 0.0ms)


Started GET "/" for ::1 at 2019-05-20 19:50:52 -0500
Processing by WelcomeController#index as HTML
  Rendering welcome/index.html.erb within layouts/application
  Rendered welcome/index.html.erb within layouts/application (0.3ms)
Completed 200 OK in 19ms (Views: 18.2ms | ActiveRecord: 0.0ms)


Started GET "/" for ::1 at 2019-05-20 19:50:53 -0500
Processing by WelcomeController#index as HTML
  Rendering welcome/index.html.erb within layouts/application
  Rendered welcome/index.html.erb within layouts/application (0.5ms)
Completed 200 OK in 41ms (Views: 40.3ms | ActiveRecord: 0.0ms)


Started GET "/" for ::1 at 2019-05-20 19:50:54 -0500
Processing by WelcomeController#index as HTML
  Rendering welcome/index.html.erb within layouts/application
  Rendered welcome/index.html.erb within layouts/application (0.5ms)
Completed 200 OK in 27ms (Views: 25.3ms | ActiveRecord: 0.0ms)


Started GET "/" for ::1 at 2019-05-20 19:52:54 -0500
Processing by WelcomeController#index as HTML
  Rendering welcome/index.html.erb within layouts/application
  Rendered welcome/index.html.erb within layouts/application (0.5ms)
Completed 200 OK in 96ms (Views: 94.8ms | ActiveRecord: 0.0ms)


Started GET "/" for ::1 at 2019-05-20 19:53:41 -0500
Processing by WelcomeController#index as HTML
  Rendering welcome/index.html.erb within layouts/application
  Rendered welcome/index.html.erb within layouts/application (0.3ms)
Completed 200 OK in 18ms (Views: 17.6ms | ActiveRecord: 0.0ms)


Started GET "/" for ::1 at 2019-05-20 19:53:58 -0500
Processing by WelcomeController#index as HTML
  Rendering welcome/index.html.erb within layouts/application
  Rendered welcome/index.html.erb within layouts/application (0.5ms)
Completed 200 OK in 21ms (Views: 19.7ms | ActiveRecord: 0.0ms)


Started GET "/" for ::1 at 2019-05-20 19:55:04 -0500
Processing by WelcomeController#index as HTML
  Rendering welcome/index.html.erb within layouts/application
  Rendered welcome/index.html.erb within layouts/application (0.3ms)
Completed 200 OK in 22ms (Views: 21.2ms | ActiveRecord: 0.0ms)


Started GET "/" for ::1 at 2019-05-20 19:55:08 -0500
Processing by WelcomeController#index as HTML
  Rendering welcome/index.html.erb within layouts/application
  Rendered welcome/index.html.erb within layouts/application (0.4ms)
Completed 200 OK in 16ms (Views: 14.9ms | ActiveRecord: 0.0ms)


Started GET "/" for ::1 at 2019-05-20 20:01:23 -0500
  [1m[35m (0.3ms)[0m  [1m[35mSET NAMES utf8,  @@SESSION.sql_mode = CONCAT(CONCAT(@@sql_mode, ',STRICT_ALL_TABLES'), ',NO_AUTO_VALUE_ON_ZERO'),  @@SESSION.sql_auto_is_null = 0, @@SESSION.wait_timeout = 2147483[0m
  ↳ /home/stefania/.rvm/gems/ruby-2.6.1/gems/activerecord-5.2.3/lib/active_record/log_subscriber.rb:98
Processing by WelcomeController#index as HTML
  Rendering welcome/index.html.erb within layouts/application
  Rendered welcome/index.html.erb within layouts/application (0.9ms)
Completed 200 OK in 23ms (Views: 21.1ms | ActiveRecord: 0.0ms)


Started GET "/" for ::1 at 2019-05-20 20:12:54 -0500
  [1m[35m (0.3ms)[0m  [1m[35mSET NAMES utf8,  @@SESSION.sql_mode = CONCAT(CONCAT(@@sql_mode, ',STRICT_ALL_TABLES'), ',NO_AUTO_VALUE_ON_ZERO'),  @@SESSION.sql_auto_is_null = 0, @@SESSION.wait_timeout = 2147483[0m
  ↳ /home/stefania/.rvm/gems/ruby-2.6.1/gems/activerecord-5.2.3/lib/active_record/log_subscriber.rb:98
Processing by WelcomeController#index as HTML
  Rendering welcome/index.html.erb within layouts/application
  Rendered welcome/index.html.erb within layouts/application (0.5ms)
Completed 200 OK in 166ms (Views: 164.7ms | ActiveRecord: 0.0ms)


Started GET "/" for ::1 at 2019-05-20 20:12:58 -0500
Processing by WelcomeController#index as HTML
  Rendering welcome/index.html.erb within layouts/application
  Rendered welcome/index.html.erb within layouts/application (0.4ms)
Completed 200 OK in 25ms (Views: 24.2ms | ActiveRecord: 0.0ms)


Started GET "/" for ::1 at 2019-05-20 20:15:54 -0500
Processing by WelcomeController#index as HTML
  Rendering welcome/index.html.erb within layouts/application
  Rendered welcome/index.html.erb within layouts/application (0.4ms)
Completed 200 OK in 31ms (Views: 30.5ms | ActiveRecord: 0.0ms)


Started GET "/" for ::1 at 2019-05-20 20:17:01 -0500
Processing by WelcomeController#index as HTML
  Rendering welcome/index.html.erb within layouts/application
  Rendered welcome/index.html.erb within layouts/application (0.3ms)
Completed 200 OK in 34ms (Views: 32.7ms | ActiveRecord: 0.0ms)


Started GET "/" for ::1 at 2019-05-20 20:17:07 -0500
Processing by WelcomeController#index as HTML
  Rendering welcome/index.html.erb within layouts/application
  Rendered welcome/index.html.erb within layouts/application (0.4ms)
Completed 200 OK in 36ms (Views: 35.0ms | ActiveRecord: 0.0ms)


Started GET "/" for ::1 at 2019-05-20 20:19:35 -0500
Processing by WelcomeController#index as HTML
  Rendering welcome/index.html.erb within layouts/application
  Rendered welcome/index.html.erb within layouts/application (0.6ms)
Completed 200 OK in 38ms (Views: 36.1ms | ActiveRecord: 0.0ms)


Started GET "/" for ::1 at 2019-05-20 20:20:43 -0500
Processing by WelcomeController#index as HTML
  Rendering welcome/index.html.erb within layouts/application
  Rendered welcome/index.html.erb within layouts/application (0.4ms)
Completed 200 OK in 22ms (Views: 20.9ms | ActiveRecord: 0.0ms)


Started GET "/" for ::1 at 2019-05-20 20:21:07 -0500
Processing by WelcomeController#index as HTML
  Rendering welcome/index.html.erb within layouts/application
  Rendered welcome/index.html.erb within layouts/application (0.6ms)
Completed 200 OK in 19ms (Views: 17.1ms | ActiveRecord: 0.0ms)


Started GET "/" for ::1 at 2019-05-20 20:21:29 -0500
Processing by WelcomeController#index as HTML
  Rendering welcome/index.html.erb within layouts/application
  Rendered welcome/index.html.erb within layouts/application (0.3ms)
Completed 200 OK in 23ms (Views: 21.8ms | ActiveRecord: 0.0ms)


Started GET "/" for ::1 at 2019-05-20 20:38:02 -0500
  [1m[35m (0.7ms)[0m  [1m[35mSET NAMES utf8,  @@SESSION.sql_mode = CONCAT(CONCAT(@@sql_mode, ',STRICT_ALL_TABLES'), ',NO_AUTO_VALUE_ON_ZERO'),  @@SESSION.sql_auto_is_null = 0, @@SESSION.wait_timeout = 2147483[0m
  ↳ /home/stefania/.rvm/gems/ruby-2.6.1/gems/activerecord-5.2.3/lib/active_record/log_subscriber.rb:98
  [1m[35m (11.4ms)[0m  [1m[34mSELECT `schema_migrations`.`version` FROM `schema_migrations` ORDER BY `schema_migrations`.`version` ASC[0m
  ↳ /home/stefania/.rvm/gems/ruby-2.6.1/gems/activerecord-5.2.3/lib/active_record/log_subscriber.rb:98
Processing by WelcomeController#index as HTML
  Rendering welcome/index.html.erb within layouts/application
  Rendered welcome/index.html.erb within layouts/application (1.3ms)
Completed 200 OK in 545ms (Views: 527.5ms | ActiveRecord: 0.0ms)


  [1m[35m (0.3ms)[0m  [1m[35mSET NAMES utf8,  @@SESSION.sql_mode = CONCAT(CONCAT(@@sql_mode, ',STRICT_ALL_TABLES'), ',NO_AUTO_VALUE_ON_ZERO'),  @@SESSION.sql_auto_is_null = 0, @@SESSION.wait_timeout = 2147483[0m
  ↳ /home/stefania/.rvm/gems/ruby-2.6.1/bin/rake:23
  [1m[35m (14.3ms)[0m  [1m[34mSELECT GET_LOCK('6228416789747576130', 0)[0m
  ↳ /home/stefania/.rvm/gems/ruby-2.6.1/bin/rake:23
  [1m[35m (0.2ms)[0m  [1m[34mSELECT `schema_migrations`.`version` FROM `schema_migrations` ORDER BY `schema_migrations`.`version` ASC[0m
  ↳ /home/stefania/.rvm/gems/ruby-2.6.1/bin/rake:23
  [1m[36mActiveRecord::InternalMetadata Load (31.6ms)[0m  [1m[34mSELECT  `ar_internal_metadata`.* FROM `ar_internal_metadata` WHERE `ar_internal_metadata`.`key` = 'environment' LIMIT 1[0m
  ↳ /home/stefania/.rvm/gems/ruby-2.6.1/bin/rake:23
  [1m[35m (0.3ms)[0m  [1m[35mBEGIN[0m
  ↳ /home/stefania/.rvm/gems/ruby-2.6.1/bin/rake:23
  [1m[35m (0.3ms)[0m  [1m[35mCOMMIT[0m
  ↳ /home/stefania/.rvm/gems/ruby-2.6.1/bin/rake:23
  [1m[35m (0.3ms)[0m  [1m[34mSELECT RELEASE_LOCK('6228416789747576130')[0m
  ↳ /home/stefania/.rvm/gems/ruby-2.6.1/bin/rake:23
  [1m[35m (0.3ms)[0m  [1m[34mSELECT `schema_migrations`.`version` FROM `schema_migrations` ORDER BY `schema_migrations`.`version` ASC[0m
  ↳ /home/stefania/.rvm/gems/ruby-2.6.1/bin/rake:23
Started GET "/" for ::1 at 2019-05-20 21:16:09 -0500
  [1m[35m (0.2ms)[0m  [1m[35mSET NAMES utf8,  @@SESSION.sql_mode = CONCAT(CONCAT(@@sql_mode, ',STRICT_ALL_TABLES'), ',NO_AUTO_VALUE_ON_ZERO'),  @@SESSION.sql_auto_is_null = 0, @@SESSION.wait_timeout = 2147483[0m
  ↳ /home/stefania/.rvm/gems/ruby-2.6.1/gems/activerecord-5.2.3/lib/active_record/log_subscriber.rb:98
  [1m[35m (0.2ms)[0m  [1m[34mSELECT `schema_migrations`.`version` FROM `schema_migrations` ORDER BY `schema_migrations`.`version` ASC[0m
  ↳ /home/stefania/.rvm/gems/ruby-2.6.1/gems/activerecord-5.2.3/lib/active_record/log_subscriber.rb:98
  
ActiveRecord::PendingMigrationError (

Migrations are pending. To resolve this issue, run:

        bin/rails db:migrate RAILS_ENV=development

):
  
activerecord (5.2.3) lib/active_record/migration.rb:579:in `check_pending!'
activerecord (5.2.3) lib/active_record/migration.rb:556:in `call'
actionpack (5.2.3) lib/action_dispatch/middleware/callbacks.rb:28:in `block in call'
activesupport (5.2.3) lib/active_support/callbacks.rb:98:in `run_callbacks'
actionpack (5.2.3) lib/action_dispatch/middleware/callbacks.rb:26:in `call'
actionpack (5.2.3) lib/action_dispatch/middleware/executor.rb:14:in `call'
actionpack (5.2.3) lib/action_dispatch/middleware/debug_exceptions.rb:61:in `call'
web-console (3.7.0) lib/web_console/middleware.rb:135:in `call_app'
web-console (3.7.0) lib/web_console/middleware.rb:30:in `block in call'
web-console (3.7.0) lib/web_console/middleware.rb:20:in `catch'
web-console (3.7.0) lib/web_console/middleware.rb:20:in `call'
actionpack (5.2.3) lib/action_dispatch/middleware/show_exceptions.rb:33:in `call'
railties (5.2.3) lib/rails/rack/logger.rb:38:in `call_app'
railties (5.2.3) lib/rails/rack/logger.rb:26:in `block in call'
activesupport (5.2.3) lib/active_support/tagged_logging.rb:71:in `block in tagged'
activesupport (5.2.3) lib/active_support/tagged_logging.rb:28:in `tagged'
activesupport (5.2.3) lib/active_support/tagged_logging.rb:71:in `tagged'
railties (5.2.3) lib/rails/rack/logger.rb:26:in `call'
sprockets-rails (3.2.1) lib/sprockets/rails/quiet_assets.rb:13:in `call'
actionpack (5.2.3) lib/action_dispatch/middleware/remote_ip.rb:81:in `call'
actionpack (5.2.3) lib/action_dispatch/middleware/request_id.rb:27:in `call'
rack (2.0.7) lib/rack/method_override.rb:22:in `call'
rack (2.0.7) lib/rack/runtime.rb:22:in `call'
activesupport (5.2.3) lib/active_support/cache/strategy/local_cache_middleware.rb:29:in `call'
actionpack (5.2.3) lib/action_dispatch/middleware/executor.rb:14:in `call'
actionpack (5.2.3) lib/action_dispatch/middleware/static.rb:127:in `call'
rack (2.0.7) lib/rack/sendfile.rb:111:in `call'
railties (5.2.3) lib/rails/engine.rb:524:in `call'
puma (3.12.1) lib/puma/configuration.rb:227:in `call'
puma (3.12.1) lib/puma/server.rb:660:in `handle_request'
puma (3.12.1) lib/puma/server.rb:474:in `process_client'
puma (3.12.1) lib/puma/server.rb:334:in `block in run'
puma (3.12.1) lib/puma/thread_pool.rb:135:in `block in spawn_thread'
  [1m[35m (0.3ms)[0m  [1m[35mSET NAMES utf8,  @@SESSION.sql_mode = CONCAT(CONCAT(@@sql_mode, ',STRICT_ALL_TABLES'), ',NO_AUTO_VALUE_ON_ZERO'),  @@SESSION.sql_auto_is_null = 0, @@SESSION.wait_timeout = 2147483[0m
  ↳ /home/stefania/.rvm/gems/ruby-2.6.1/bin/rake:23
  [1m[35m (0.2ms)[0m  [1m[34mSELECT GET_LOCK('6228416789747576130', 0)[0m
  ↳ /home/stefania/.rvm/gems/ruby-2.6.1/bin/rake:23
  [1m[35m (0.2ms)[0m  [1m[34mSELECT `schema_migrations`.`version` FROM `schema_migrations` ORDER BY `schema_migrations`.`version` ASC[0m
  ↳ /home/stefania/.rvm/gems/ruby-2.6.1/bin/rake:23
Migrating to DeviseCreateUsers (20190521021143)
  [1m[35m (0.1ms)[0m  [1m[34mSELECT RELEASE_LOCK('6228416789747576130')[0m
  ↳ /home/stefania/.rvm/gems/ruby-2.6.1/bin/rake:23
  [1m[35m (0.3ms)[0m  [1m[35mSET NAMES utf8,  @@SESSION.sql_mode = CONCAT(CONCAT(@@sql_mode, ',STRICT_ALL_TABLES'), ',NO_AUTO_VALUE_ON_ZERO'),  @@SESSION.sql_auto_is_null = 0, @@SESSION.wait_timeout = 2147483[0m
  ↳ /home/stefania/.rvm/gems/ruby-2.6.1/bin/rake:23
  [1m[35m (0.1ms)[0m  [1m[34mSELECT GET_LOCK('6228416789747576130', 0)[0m
  ↳ /home/stefania/.rvm/gems/ruby-2.6.1/bin/rake:23
  [1m[35m (0.2ms)[0m  [1m[34mSELECT `schema_migrations`.`version` FROM `schema_migrations` ORDER BY `schema_migrations`.`version` ASC[0m
  ↳ /home/stefania/.rvm/gems/ruby-2.6.1/bin/rake:23
Migrating to DeviseCreateUsers (20190521021143)
  [1m[35m (56.9ms)[0m  [1m[35mCREATE TABLE `users` (`id` bigint NOT NULL AUTO_INCREMENT PRIMARY KEY, `email` varchar(255) DEFAULT '' NOT NULL, `encrypted_password` varchar(255) DEFAULT '' NOT NULL, `reset_password_token` varchar(255), `reset_password_sent_at` datetime, `remember_created_at` datetime, `sign_in_count` int DEFAULT 0 NOT NULL, `current_sign_in_at` datetime, `last_sign_in_at` datetime, `current_sign_in_ip` varchar(255), `last_sign_in_ip` varchar(255), `confirmation_token` varchar(255), `confirmed_at` datetime, `confirmation_sent_at` datetime, `unconfirmed_email` varchar(255), `name` varchar(255), `permission_level` varchar(255), `created_at` datetime NOT NULL, `updated_at` datetime NOT NULL)[0m
  ↳ db/migrate/20190521021143_devise_create_users.rb:5
  [1m[35m (0.2ms)[0m  [1m[34mSELECT RELEASE_LOCK('6228416789747576130')[0m
  ↳ /home/stefania/.rvm/gems/ruby-2.6.1/bin/rake:23
  [1m[35m (0.3ms)[0m  [1m[35mSET NAMES utf8,  @@SESSION.sql_mode = CONCAT(CONCAT(@@sql_mode, ',STRICT_ALL_TABLES'), ',NO_AUTO_VALUE_ON_ZERO'),  @@SESSION.sql_auto_is_null = 0, @@SESSION.wait_timeout = 2147483[0m
  ↳ /home/stefania/.rvm/gems/ruby-2.6.1/bin/rake:23
  [1m[35m (0.1ms)[0m  [1m[34mSELECT GET_LOCK('6228416789747576130', 0)[0m
  ↳ /home/stefania/.rvm/gems/ruby-2.6.1/bin/rake:23
  [1m[35m (0.2ms)[0m  [1m[34mSELECT `schema_migrations`.`version` FROM `schema_migrations` ORDER BY `schema_migrations`.`version` ASC[0m
  ↳ /home/stefania/.rvm/gems/ruby-2.6.1/bin/rake:23
Migrating to DeviseCreateUsers (20190521021143)
  [1m[35m (0.4ms)[0m  [1m[35mCREATE TABLE `users` (`id` bigint NOT NULL AUTO_INCREMENT PRIMARY KEY, `email` varchar(255) DEFAULT '' NOT NULL, `encrypted_password` varchar(255) DEFAULT '' NOT NULL, `reset_password_token` varchar(255), `reset_password_sent_at` datetime, `remember_created_at` datetime, `sign_in_count` int DEFAULT 0 NOT NULL, `current_sign_in_at` datetime, `last_sign_in_at` datetime, `current_sign_in_ip` varchar(255), `last_sign_in_ip` varchar(255), `confirmation_token` varchar(255), `confirmed_at` datetime, `confirmation_sent_at` datetime, `unconfirmed_email` varchar(255), `name` varchar(255), `permission_level` varchar(255), `created_at` datetime NOT NULL, `updated_at` datetime NOT NULL)[0m
  ↳ db/migrate/20190521021143_devise_create_users.rb:5
  [1m[35m (0.2ms)[0m  [1m[34mSELECT RELEASE_LOCK('6228416789747576130')[0m
  ↳ /home/stefania/.rvm/gems/ruby-2.6.1/bin/rake:23
  [1m[35m (30.8ms)[0m  [1m[35mSET NAMES utf8,  @@SESSION.sql_mode = CONCAT(CONCAT(@@sql_mode, ',STRICT_ALL_TABLES'), ',NO_AUTO_VALUE_ON_ZERO'),  @@SESSION.sql_auto_is_null = 0, @@SESSION.wait_timeout = 2147483[0m
  ↳ /home/stefania/.rvm/gems/ruby-2.6.1/bin/rake:23
  [1m[35m (0.2ms)[0m  [1m[34mSELECT `schema_migrations`.`version` FROM `schema_migrations` ORDER BY `schema_migrations`.`version` ASC[0m
  ↳ /home/stefania/.rvm/gems/ruby-2.6.1/bin/rake:23
  [1m[35m (0.3ms)[0m  [1m[34mSELECT `ar_internal_metadata`.`value` FROM `ar_internal_metadata` WHERE `ar_internal_metadata`.`key` = 'environment'[0m
  ↳ /home/stefania/.rvm/gems/ruby-2.6.1/bin/rake:23
  [1m[35m (0.8ms)[0m  [1m[34mSELECT `schema_migrations`.`version` FROM `schema_migrations` ORDER BY `schema_migrations`.`version` ASC[0m
  ↳ /home/stefania/.rvm/gems/ruby-2.6.1/bin/rake:23
  [1m[35m (0.3ms)[0m  [1m[34mSELECT `ar_internal_metadata`.`value` FROM `ar_internal_metadata` WHERE `ar_internal_metadata`.`key` = 'environment'[0m
  ↳ /home/stefania/.rvm/gems/ruby-2.6.1/bin/rake:23
  [1m[35m (0.3ms)[0m  [1m[34mSELECT `schema_migrations`.`version` FROM `schema_migrations` ORDER BY `schema_migrations`.`version` ASC[0m
  ↳ /home/stefania/.rvm/gems/ruby-2.6.1/bin/rake:23
  [1m[35m (0.2ms)[0m  [1m[34mSELECT `ar_internal_metadata`.`value` FROM `ar_internal_metadata` WHERE `ar_internal_metadata`.`key` = 'environment'[0m
  ↳ /home/stefania/.rvm/gems/ruby-2.6.1/bin/rake:23
  [1m[35m (0.2ms)[0m  [1m[35mSET NAMES utf8,  @@SESSION.sql_mode = CONCAT(CONCAT(@@sql_mode, ',STRICT_ALL_TABLES'), ',NO_AUTO_VALUE_ON_ZERO'),  @@SESSION.sql_auto_is_null = 0, @@SESSION.wait_timeout = 2147483[0m
  ↳ /home/stefania/.rvm/gems/ruby-2.6.1/bin/rake:23
  [1m[35m (1719.8ms)[0m  [1m[35mDROP DATABASE IF EXISTS `UN_users_development`[0m
  ↳ /home/stefania/.rvm/gems/ruby-2.6.1/bin/rake:23
  [1m[35m (0.3ms)[0m  [1m[35mSET NAMES utf8,  @@SESSION.sql_mode = CONCAT(CONCAT(@@sql_mode, ',STRICT_ALL_TABLES'), ',NO_AUTO_VALUE_ON_ZERO'),  @@SESSION.sql_auto_is_null = 0, @@SESSION.wait_timeout = 2147483[0m
  ↳ /home/stefania/.rvm/gems/ruby-2.6.1/bin/rake:23
  [1m[35m (7.4ms)[0m  [1m[35mDROP DATABASE IF EXISTS `UN_users_test`[0m
  ↳ /home/stefania/.rvm/gems/ruby-2.6.1/bin/rake:23
  [1m[35m (0.3ms)[0m  [1m[35mSET NAMES utf8,  @@SESSION.sql_mode = CONCAT(CONCAT(@@sql_mode, ',STRICT_ALL_TABLES'), ',NO_AUTO_VALUE_ON_ZERO'),  @@SESSION.sql_auto_is_null = 0, @@SESSION.wait_timeout = 2147483[0m
  ↳ /home/stefania/.rvm/gems/ruby-2.6.1/bin/rake:23
  [1m[35m (0.8ms)[0m  [1m[35mCREATE DATABASE `UN_users_development` DEFAULT CHARACTER SET `utf8`[0m
  ↳ /home/stefania/.rvm/gems/ruby-2.6.1/bin/rake:23
  [1m[35m (0.3ms)[0m  [1m[35mSET NAMES utf8,  @@SESSION.sql_mode = CONCAT(CONCAT(@@sql_mode, ',STRICT_ALL_TABLES'), ',NO_AUTO_VALUE_ON_ZERO'),  @@SESSION.sql_auto_is_null = 0, @@SESSION.wait_timeout = 2147483[0m
  ↳ /home/stefania/.rvm/gems/ruby-2.6.1/bin/rake:23
  [1m[35m (0.7ms)[0m  [1m[35mCREATE DATABASE `UN_users_test` DEFAULT CHARACTER SET `utf8`[0m
  ↳ /home/stefania/.rvm/gems/ruby-2.6.1/bin/rake:23
  [1m[35m (0.3ms)[0m  [1m[35mSET NAMES utf8,  @@SESSION.sql_mode = CONCAT(CONCAT(@@sql_mode, ',STRICT_ALL_TABLES'), ',NO_AUTO_VALUE_ON_ZERO'),  @@SESSION.sql_auto_is_null = 0, @@SESSION.wait_timeout = 2147483[0m
  ↳ /home/stefania/.rvm/gems/ruby-2.6.1/bin/rake:23
  [1m[35m (293.0ms)[0m  [1m[35mCREATE TABLE `schema_migrations` (`version` varchar(255) NOT NULL PRIMARY KEY)[0m
  ↳ /home/stefania/.rvm/gems/ruby-2.6.1/bin/rake:23
  [1m[35m (256.3ms)[0m  [1m[35mCREATE TABLE `ar_internal_metadata` (`key` varchar(255) NOT NULL PRIMARY KEY, `value` varchar(255), `created_at` datetime NOT NULL, `updated_at` datetime NOT NULL)[0m
  ↳ /home/stefania/.rvm/gems/ruby-2.6.1/bin/rake:23
  [1m[35m (0.2ms)[0m  [1m[34mSELECT GET_LOCK('6228416789747576130', 0)[0m
  ↳ /home/stefania/.rvm/gems/ruby-2.6.1/bin/rake:23
  [1m[35m (0.3ms)[0m  [1m[34mSELECT `schema_migrations`.`version` FROM `schema_migrations` ORDER BY `schema_migrations`.`version` ASC[0m
  ↳ /home/stefania/.rvm/gems/ruby-2.6.1/bin/rake:23
Migrating to DeviseCreateUsers (20190521021143)
  [1m[35m (314.7ms)[0m  [1m[35mCREATE TABLE `users` (`id` bigint NOT NULL AUTO_INCREMENT PRIMARY KEY, `email` varchar(255) DEFAULT '' NOT NULL, `encrypted_password` varchar(255) DEFAULT '' NOT NULL, `reset_password_token` varchar(255), `reset_password_sent_at` datetime, `remember_created_at` datetime, `sign_in_count` int DEFAULT 0 NOT NULL, `current_sign_in_at` datetime, `last_sign_in_at` datetime, `current_sign_in_ip` varchar(255), `last_sign_in_ip` varchar(255), `confirmation_token` varchar(255), `confirmed_at` datetime, `confirmation_sent_at` datetime, `unconfirmed_email` varchar(255), `name` varchar(255), `permission_level` varchar(255), `created_at` datetime NOT NULL, `updated_at` datetime NOT NULL)[0m
  ↳ db/migrate/20190521021143_devise_create_users.rb:5
  [1m[35m (342.9ms)[0m  [1m[35mCREATE UNIQUE INDEX `index_users_on_email`  ON `users` (`email`) [0m
  ↳ db/migrate/20190521021143_devise_create_users.rb:42
  [1m[35m (212.1ms)[0m  [1m[35mCREATE UNIQUE INDEX `index_users_on_reset_password_token`  ON `users` (`reset_password_token`) [0m
  ↳ db/migrate/20190521021143_devise_create_users.rb:43
  [1m[35m (0.3ms)[0m  [1m[35mBEGIN[0m
  ↳ /home/stefania/.rvm/gems/ruby-2.6.1/bin/rake:23
  [1m[36mActiveRecord::SchemaMigration Create (29.5ms)[0m  [1m[32mINSERT INTO `schema_migrations` (`version`) VALUES ('20190521021143')[0m
  ↳ /home/stefania/.rvm/gems/ruby-2.6.1/bin/rake:23
  [1m[35m (67.9ms)[0m  [1m[35mCOMMIT[0m
  ↳ /home/stefania/.rvm/gems/ruby-2.6.1/bin/rake:23
  [1m[36mActiveRecord::InternalMetadata Load (2.6ms)[0m  [1m[34mSELECT  `ar_internal_metadata`.* FROM `ar_internal_metadata` WHERE `ar_internal_metadata`.`key` = 'environment' LIMIT 1[0m
  ↳ /home/stefania/.rvm/gems/ruby-2.6.1/bin/rake:23
  [1m[35m (0.2ms)[0m  [1m[35mBEGIN[0m
  ↳ /home/stefania/.rvm/gems/ruby-2.6.1/bin/rake:23
  [1m[36mActiveRecord::InternalMetadata Create (0.4ms)[0m  [1m[32mINSERT INTO `ar_internal_metadata` (`key`, `value`, `created_at`, `updated_at`) VALUES ('environment', 'development', '2019-05-21 02:38:10', '2019-05-21 02:38:10')[0m
  ↳ /home/stefania/.rvm/gems/ruby-2.6.1/bin/rake:23
  [1m[35m (52.7ms)[0m  [1m[35mCOMMIT[0m
  ↳ /home/stefania/.rvm/gems/ruby-2.6.1/bin/rake:23
  [1m[35m (0.2ms)[0m  [1m[34mSELECT RELEASE_LOCK('6228416789747576130')[0m
  ↳ /home/stefania/.rvm/gems/ruby-2.6.1/bin/rake:23
  [1m[35m (0.2ms)[0m  [1m[34mSELECT `schema_migrations`.`version` FROM `schema_migrations` ORDER BY `schema_migrations`.`version` ASC[0m
  ↳ /home/stefania/.rvm/gems/ruby-2.6.1/bin/rake:23
Started GET "/" for ::1 at 2019-05-20 21:40:44 -0500
  [1m[35m (0.6ms)[0m  [1m[35mSET NAMES utf8,  @@SESSION.sql_mode = CONCAT(CONCAT(@@sql_mode, ',STRICT_ALL_TABLES'), ',NO_AUTO_VALUE_ON_ZERO'),  @@SESSION.sql_auto_is_null = 0, @@SESSION.wait_timeout = 2147483[0m
  ↳ /home/stefania/.rvm/gems/ruby-2.6.1/gems/activerecord-5.2.3/lib/active_record/log_subscriber.rb:98
  [1m[35m (0.2ms)[0m  [1m[34mSELECT `schema_migrations`.`version` FROM `schema_migrations` ORDER BY `schema_migrations`.`version` ASC[0m
  ↳ /home/stefania/.rvm/gems/ruby-2.6.1/gems/activerecord-5.2.3/lib/active_record/log_subscriber.rb:98
Processing by WelcomeController#index as HTML
  Rendering welcome/index.html.erb within layouts/application
  Rendered welcome/index.html.erb within layouts/application (1.0ms)
Completed 200 OK in 862ms (Views: 836.9ms | ActiveRecord: 0.0ms)


Started GET "/users" for ::1 at 2019-05-20 21:40:56 -0500
  
ActionController::RoutingError (No route matches [GET] "/users"):
  
actionpack (5.2.3) lib/action_dispatch/middleware/debug_exceptions.rb:65:in `call'
web-console (3.7.0) lib/web_console/middleware.rb:135:in `call_app'
web-console (3.7.0) lib/web_console/middleware.rb:30:in `block in call'
web-console (3.7.0) lib/web_console/middleware.rb:20:in `catch'
web-console (3.7.0) lib/web_console/middleware.rb:20:in `call'
actionpack (5.2.3) lib/action_dispatch/middleware/show_exceptions.rb:33:in `call'
railties (5.2.3) lib/rails/rack/logger.rb:38:in `call_app'
railties (5.2.3) lib/rails/rack/logger.rb:26:in `block in call'
activesupport (5.2.3) lib/active_support/tagged_logging.rb:71:in `block in tagged'
activesupport (5.2.3) lib/active_support/tagged_logging.rb:28:in `tagged'
activesupport (5.2.3) lib/active_support/tagged_logging.rb:71:in `tagged'
railties (5.2.3) lib/rails/rack/logger.rb:26:in `call'
sprockets-rails (3.2.1) lib/sprockets/rails/quiet_assets.rb:13:in `call'
actionpack (5.2.3) lib/action_dispatch/middleware/remote_ip.rb:81:in `call'
actionpack (5.2.3) lib/action_dispatch/middleware/request_id.rb:27:in `call'
rack (2.0.7) lib/rack/method_override.rb:22:in `call'
rack (2.0.7) lib/rack/runtime.rb:22:in `call'
activesupport (5.2.3) lib/active_support/cache/strategy/local_cache_middleware.rb:29:in `call'
actionpack (5.2.3) lib/action_dispatch/middleware/executor.rb:14:in `call'
actionpack (5.2.3) lib/action_dispatch/middleware/static.rb:127:in `call'
rack (2.0.7) lib/rack/sendfile.rb:111:in `call'
railties (5.2.3) lib/rails/engine.rb:524:in `call'
puma (3.12.1) lib/puma/configuration.rb:227:in `call'
puma (3.12.1) lib/puma/server.rb:660:in `handle_request'
puma (3.12.1) lib/puma/server.rb:474:in `process_client'
puma (3.12.1) lib/puma/server.rb:334:in `block in run'
puma (3.12.1) lib/puma/thread_pool.rb:135:in `block in spawn_thread'
Started GET "/users/sign_in" for ::1 at 2019-05-20 21:41:29 -0500
Processing by Devise::SessionsController#new as HTML
  Rendering /home/stefania/.rvm/gems/ruby-2.6.1/gems/devise-4.6.2/app/views/devise/sessions/new.html.erb within layouts/application
  Rendered /home/stefania/.rvm/gems/ruby-2.6.1/gems/devise-4.6.2/app/views/devise/shared/_links.html.erb (1.1ms)
  Rendered /home/stefania/.rvm/gems/ruby-2.6.1/gems/devise-4.6.2/app/views/devise/sessions/new.html.erb within layouts/application (466.8ms)
Completed 200 OK in 586ms (Views: 544.5ms | ActiveRecord: 14.5ms)


Started POST "/users/sign_in" for ::1 at 2019-05-20 21:41:33 -0500
Processing by Devise::SessionsController#create as HTML
  Parameters: {"utf8"=>"✓", "authenticity_token"=>"qxIfCt79mVj3d7nLzhzvNUv46Eybvki29uomtbZaAUdRM8AwYHoM1e1pno1X1H+1pTTdpccGyau4uGVrNtCkSQ==", "user"=>{"email"=>"sarguellesr@unal.edu.co", "password"=>"[FILTERED]", "remember_me"=>"0"}, "commit"=>"Log in"}
  [1m[36mUser Load (0.4ms)[0m  [1m[34mSELECT  `users`.* FROM `users` WHERE `users`.`email` = 'sarguellesr@unal.edu.co' ORDER BY `users`.`id` ASC LIMIT 1[0m
  ↳ /home/stefania/.rvm/gems/ruby-2.6.1/gems/activerecord-5.2.3/lib/active_record/log_subscriber.rb:98
Completed 401 Unauthorized in 16ms (ActiveRecord: 0.4ms)


Processing by Devise::SessionsController#new as HTML
  Parameters: {"utf8"=>"✓", "authenticity_token"=>"qxIfCt79mVj3d7nLzhzvNUv46Eybvki29uomtbZaAUdRM8AwYHoM1e1pno1X1H+1pTTdpccGyau4uGVrNtCkSQ==", "user"=>{"email"=>"sarguellesr@unal.edu.co", "password"=>"[FILTERED]", "remember_me"=>"0"}, "commit"=>"Log in"}
  Rendering /home/stefania/.rvm/gems/ruby-2.6.1/gems/devise-4.6.2/app/views/devise/sessions/new.html.erb within layouts/application
  Rendered /home/stefania/.rvm/gems/ruby-2.6.1/gems/devise-4.6.2/app/views/devise/shared/_links.html.erb (1.3ms)
  Rendered /home/stefania/.rvm/gems/ruby-2.6.1/gems/devise-4.6.2/app/views/devise/sessions/new.html.erb within layouts/application (6.3ms)
Completed 200 OK in 223ms (Views: 23.6ms | ActiveRecord: 0.0ms)


Started GET "/users/sign_in" for ::1 at 2019-05-20 22:23:41 -0500
  [1m[35m (0.2ms)[0m  [1m[35mSET NAMES utf8,  @@SESSION.sql_mode = CONCAT(CONCAT(@@sql_mode, ',STRICT_ALL_TABLES'), ',NO_AUTO_VALUE_ON_ZERO'),  @@SESSION.sql_auto_is_null = 0, @@SESSION.wait_timeout = 2147483[0m
  ↳ /home/stefania/.rvm/gems/ruby-2.6.1/gems/activerecord-5.2.3/lib/active_record/log_subscriber.rb:98
  [1m[35m (0.2ms)[0m  [1m[34mSELECT `schema_migrations`.`version` FROM `schema_migrations` ORDER BY `schema_migrations`.`version` ASC[0m
  ↳ /home/stefania/.rvm/gems/ruby-2.6.1/gems/activerecord-5.2.3/lib/active_record/log_subscriber.rb:98
Processing by Devise::SessionsController#new as HTML
  Rendering /home/stefania/.rvm/gems/ruby-2.6.1/gems/devise-4.6.2/app/views/devise/sessions/new.html.erb within layouts/application
  Rendered /home/stefania/.rvm/gems/ruby-2.6.1/gems/devise-4.6.2/app/views/devise/shared/_links.html.erb (3.1ms)
  Rendered /home/stefania/.rvm/gems/ruby-2.6.1/gems/devise-4.6.2/app/views/devise/sessions/new.html.erb within layouts/application (13.4ms)
Completed 200 OK in 225ms (Views: 183.0ms | ActiveRecord: 1.1ms)


Started POST "/users/sign_in" for ::1 at 2019-05-20 22:23:46 -0500
Processing by Devise::SessionsController#create as HTML
  Parameters: {"utf8"=>"✓", "authenticity_token"=>"C/2lmJmP2wiqF/UBdlJbR9V0rf5FSrROSabr2HEqovzx3HqiJwhOhbAJ0kfvmsvHO7iYFxnyNVMH9KgG8aAH8g==", "user"=>{"email"=>"sarguellesr@unal.edu.co", "password"=>"[FILTERED]", "remember_me"=>"0"}, "commit"=>"Log in"}
  [1m[36mUser Load (0.3ms)[0m  [1m[34mSELECT  `users`.* FROM `users` WHERE `users`.`email` = 'sarguellesr@unal.edu.co' ORDER BY `users`.`id` ASC LIMIT 1[0m
  ↳ /home/stefania/.rvm/gems/ruby-2.6.1/gems/activerecord-5.2.3/lib/active_record/log_subscriber.rb:98
Completed 401 Unauthorized in 35ms (ActiveRecord: 0.3ms)


Processing by Devise::SessionsController#new as HTML
  Parameters: {"utf8"=>"✓", "authenticity_token"=>"C/2lmJmP2wiqF/UBdlJbR9V0rf5FSrROSabr2HEqovzx3HqiJwhOhbAJ0kfvmsvHO7iYFxnyNVMH9KgG8aAH8g==", "user"=>{"email"=>"sarguellesr@unal.edu.co", "password"=>"[FILTERED]", "remember_me"=>"0"}, "commit"=>"Log in"}
  Rendering /home/stefania/.rvm/gems/ruby-2.6.1/gems/devise-4.6.2/app/views/devise/sessions/new.html.erb within layouts/application
  Rendered /home/stefania/.rvm/gems/ruby-2.6.1/gems/devise-4.6.2/app/views/devise/shared/_links.html.erb (0.7ms)
  Rendered /home/stefania/.rvm/gems/ruby-2.6.1/gems/devise-4.6.2/app/views/devise/sessions/new.html.erb within layouts/application (4.2ms)
Completed 200 OK in 166ms (Views: 25.0ms | ActiveRecord: 0.0ms)


Started POST "/users/sign_in" for ::1 at 2019-05-20 22:23:52 -0500
Processing by Devise::SessionsController#create as HTML
  Parameters: {"utf8"=>"✓", "authenticity_token"=>"srbTt8A5jnY3FE8chwb3FZLWTKfB3Cer3MnyTa6crrFIlwyNfr4b+y0KaFoezmeVfBp5Tp1kpraSm7GTLhYLvw==", "user"=>{"email"=>"sarguellesr@unal.edu.co", "password"=>"[FILTERED]", "remember_me"=>"0"}, "commit"=>"Log in"}
  [1m[36mUser Load (0.3ms)[0m  [1m[34mSELECT  `users`.* FROM `users` WHERE `users`.`email` = 'sarguellesr@unal.edu.co' ORDER BY `users`.`id` ASC LIMIT 1[0m
  ↳ /home/stefania/.rvm/gems/ruby-2.6.1/gems/activerecord-5.2.3/lib/active_record/log_subscriber.rb:98
Completed 401 Unauthorized in 2ms (ActiveRecord: 0.3ms)


Processing by Devise::SessionsController#new as HTML
  Parameters: {"utf8"=>"✓", "authenticity_token"=>"srbTt8A5jnY3FE8chwb3FZLWTKfB3Cer3MnyTa6crrFIlwyNfr4b+y0KaFoezmeVfBp5Tp1kpraSm7GTLhYLvw==", "user"=>{"email"=>"sarguellesr@unal.edu.co", "password"=>"[FILTERED]", "remember_me"=>"0"}, "commit"=>"Log in"}
  Rendering /home/stefania/.rvm/gems/ruby-2.6.1/gems/devise-4.6.2/app/views/devise/sessions/new.html.erb within layouts/application
  Rendered /home/stefania/.rvm/gems/ruby-2.6.1/gems/devise-4.6.2/app/views/devise/shared/_links.html.erb (0.7ms)
  Rendered /home/stefania/.rvm/gems/ruby-2.6.1/gems/devise-4.6.2/app/views/devise/sessions/new.html.erb within layouts/application (2.9ms)
Completed 200 OK in 158ms (Views: 20.3ms | ActiveRecord: 0.0ms)


Started GET "/users/sign_in" for ::1 at 2019-05-20 22:24:08 -0500
Processing by Devise::SessionsController#new as HTML
  Rendering /home/stefania/.rvm/gems/ruby-2.6.1/gems/devise-4.6.2/app/views/devise/sessions/new.html.erb within layouts/application
  Rendered /home/stefania/.rvm/gems/ruby-2.6.1/gems/devise-4.6.2/app/views/devise/shared/_links.html.erb (1.1ms)
  Rendered /home/stefania/.rvm/gems/ruby-2.6.1/gems/devise-4.6.2/app/views/devise/sessions/new.html.erb within layouts/application (4.5ms)
Completed 200 OK in 24ms (Views: 23.1ms | ActiveRecord: 0.0ms)


Started POST "/users/sign_in" for ::1 at 2019-05-20 22:24:12 -0500
Processing by Devise::SessionsController#create as HTML
  Parameters: {"utf8"=>"✓", "authenticity_token"=>"atlr0CGF3OJQ7CNbpHaEyBUlTNAX3ll7PwKfopv5AuCQ+LTqnwJJb0ryBB09vhRI++l5OUtm2GZxUNx8G3On7g==", "user"=>{"email"=>"sarguellesr@unal.edu.co", "password"=>"[FILTERED]", "remember_me"=>"0"}, "commit"=>"Log in"}
  [1m[36mUser Load (0.8ms)[0m  [1m[34mSELECT  `users`.* FROM `users` WHERE `users`.`email` = 'sarguellesr@unal.edu.co' ORDER BY `users`.`id` ASC LIMIT 1[0m
  ↳ /home/stefania/.rvm/gems/ruby-2.6.1/gems/activerecord-5.2.3/lib/active_record/log_subscriber.rb:98
Completed 401 Unauthorized in 3ms (ActiveRecord: 0.8ms)


Processing by Devise::SessionsController#new as HTML
  Parameters: {"utf8"=>"✓", "authenticity_token"=>"atlr0CGF3OJQ7CNbpHaEyBUlTNAX3ll7PwKfopv5AuCQ+LTqnwJJb0ryBB09vhRI++l5OUtm2GZxUNx8G3On7g==", "user"=>{"email"=>"sarguellesr@unal.edu.co", "password"=>"[FILTERED]", "remember_me"=>"0"}, "commit"=>"Log in"}
  Rendering /home/stefania/.rvm/gems/ruby-2.6.1/gems/devise-4.6.2/app/views/devise/sessions/new.html.erb within layouts/application
  Rendered /home/stefania/.rvm/gems/ruby-2.6.1/gems/devise-4.6.2/app/views/devise/shared/_links.html.erb (0.8ms)
  Rendered /home/stefania/.rvm/gems/ruby-2.6.1/gems/devise-4.6.2/app/views/devise/sessions/new.html.erb within layouts/application (3.8ms)
Completed 200 OK in 162ms (Views: 20.6ms | ActiveRecord: 0.0ms)


Started GET "/users/sign_up" for ::1 at 2019-05-20 22:24:23 -0500
Processing by Devise::RegistrationsController#new as HTML
  Rendering /home/stefania/.rvm/gems/ruby-2.6.1/gems/devise-4.6.2/app/views/devise/registrations/new.html.erb within layouts/application
  Rendered /home/stefania/.rvm/gems/ruby-2.6.1/gems/devise-4.6.2/app/views/devise/shared/_error_messages.html.erb (0.4ms)
  Rendered /home/stefania/.rvm/gems/ruby-2.6.1/gems/devise-4.6.2/app/views/devise/shared/_links.html.erb (0.7ms)
  Rendered /home/stefania/.rvm/gems/ruby-2.6.1/gems/devise-4.6.2/app/views/devise/registrations/new.html.erb within layouts/application (7.2ms)
Completed 200 OK in 99ms (Views: 98.2ms | ActiveRecord: 0.0ms)


Started POST "/users" for ::1 at 2019-05-20 22:24:34 -0500
Processing by Devise::RegistrationsController#create as HTML
  Parameters: {"utf8"=>"✓", "authenticity_token"=>"bdSoxjObsM3CC1esjFXyIj6XtINiMxH0a0/lN7fofubN6j8xuiQrqnSswCh2lztS8uxe4Dj4YwWTOmFS7Kpg+w==", "user"=>{"email"=>"sarguellesr@unal.edu.co", "password"=>"[FILTERED]", "password_confirmation"=>"[FILTERED]"}, "commit"=>"Sign up"}
  [1m[35m (0.1ms)[0m  [1m[35mBEGIN[0m
  ↳ /home/stefania/.rvm/gems/ruby-2.6.1/gems/activerecord-5.2.3/lib/active_record/log_subscriber.rb:98
  [1m[36mUser Exists (65.9ms)[0m  [1m[34mSELECT  1 AS one FROM `users` WHERE `users`.`email` = BINARY 'sarguellesr@unal.edu.co' LIMIT 1[0m
  ↳ /home/stefania/.rvm/gems/ruby-2.6.1/gems/activerecord-5.2.3/lib/active_record/log_subscriber.rb:98
  [1m[35m (0.3ms)[0m  [1m[31mROLLBACK[0m
  ↳ /home/stefania/.rvm/gems/ruby-2.6.1/gems/activerecord-5.2.3/lib/active_record/log_subscriber.rb:98
  Rendering /home/stefania/.rvm/gems/ruby-2.6.1/gems/devise-4.6.2/app/views/devise/registrations/new.html.erb within layouts/application
  Rendered /home/stefania/.rvm/gems/ruby-2.6.1/gems/devise-4.6.2/app/views/devise/shared/_error_messages.html.erb (0.7ms)
  Rendered /home/stefania/.rvm/gems/ruby-2.6.1/gems/devise-4.6.2/app/views/devise/shared/_links.html.erb (0.7ms)
  Rendered /home/stefania/.rvm/gems/ruby-2.6.1/gems/devise-4.6.2/app/views/devise/registrations/new.html.erb within layouts/application (4.5ms)
Completed 200 OK in 234ms (Views: 18.8ms | ActiveRecord: 66.4ms)


Started POST "/users" for ::1 at 2019-05-20 22:24:52 -0500
Processing by Devise::RegistrationsController#create as HTML
  Parameters: {"utf8"=>"✓", "authenticity_token"=>"QmY8DyQH6bT8J8ts152vsUxm1g7KMW0LFRZ3yLzarUS4R+M1moB8OeY57CpOVT8xoqrj55aJ7BZbRDQWPFAISg==", "user"=>{"email"=>"sarguellesr@unal.edu.co", "password"=>"[FILTERED]", "password_confirmation"=>"[FILTERED]"}, "commit"=>"Sign up"}
  [1m[35m (0.2ms)[0m  [1m[35mBEGIN[0m
  ↳ /home/stefania/.rvm/gems/ruby-2.6.1/gems/activerecord-5.2.3/lib/active_record/log_subscriber.rb:98
  [1m[36mUser Exists (0.3ms)[0m  [1m[34mSELECT  1 AS one FROM `users` WHERE `users`.`email` = BINARY 'sarguellesr@unal.edu.co' LIMIT 1[0m
  ↳ /home/stefania/.rvm/gems/ruby-2.6.1/gems/activerecord-5.2.3/lib/active_record/log_subscriber.rb:98
  [1m[36mUser Create (0.7ms)[0m  [1m[32mINSERT INTO `users` (`email`, `encrypted_password`, `created_at`, `updated_at`) VALUES ('sarguellesr@unal.edu.co', '$2a$11$ruhSXuTNMR2ZkFs489Ma7OPUN2TywmkwUPCv5bGj.7cGNGV2T1Dx.', '2019-05-21 03:24:52', '2019-05-21 03:24:52')[0m
  ↳ /home/stefania/.rvm/gems/ruby-2.6.1/gems/activerecord-5.2.3/lib/active_record/log_subscriber.rb:98
  [1m[35m (30.9ms)[0m  [1m[35mCOMMIT[0m
  ↳ /home/stefania/.rvm/gems/ruby-2.6.1/gems/activerecord-5.2.3/lib/active_record/log_subscriber.rb:98
Redirected to http://localhost:3000/
Completed 302 Found in 178ms (ActiveRecord: 32.1ms)


Started GET "/" for ::1 at 2019-05-20 22:24:52 -0500
Processing by WelcomeController#index as HTML
  Rendering welcome/index.html.erb within layouts/application
  Rendered welcome/index.html.erb within layouts/application (0.3ms)
Completed 200 OK in 21ms (Views: 20.6ms | ActiveRecord: 0.0ms)


Started GET "/" for ::1 at 2019-05-20 22:26:27 -0500
Processing by WelcomeController#index as HTML
  Rendering welcome/index.html.erb within layouts/application
  Rendered welcome/index.html.erb within layouts/application (0.2ms)
Completed 200 OK in 21ms (Views: 20.5ms | ActiveRecord: 0.0ms)


Started GET "/" for ::1 at 2019-05-20 22:26:31 -0500
Processing by WelcomeController#index as HTML
  Rendering welcome/index.html.erb within layouts/application
  Rendered welcome/index.html.erb within layouts/application (0.4ms)
Completed 200 OK in 28ms (Views: 26.3ms | ActiveRecord: 0.0ms)


Started GET "/users/sign_in" for ::1 at 2019-05-20 22:26:37 -0500
Processing by Devise::SessionsController#new as HTML
  [1m[36mUser Load (0.4ms)[0m  [1m[34mSELECT  `users`.* FROM `users` WHERE `users`.`id` = 1 ORDER BY `users`.`id` ASC LIMIT 1[0m
  ↳ /home/stefania/.rvm/gems/ruby-2.6.1/gems/activerecord-5.2.3/lib/active_record/log_subscriber.rb:98
Redirected to http://localhost:3000/
Filter chain halted as :require_no_authentication rendered or redirected
Completed 302 Found in 33ms (ActiveRecord: 0.4ms)


Started GET "/" for ::1 at 2019-05-20 22:26:37 -0500
Processing by WelcomeController#index as HTML
  Rendering welcome/index.html.erb within layouts/application
  Rendered welcome/index.html.erb within layouts/application (0.5ms)
Completed 200 OK in 24ms (Views: 22.5ms | ActiveRecord: 0.0ms)


Started GET "/" for ::1 at 2019-05-20 22:30:17 -0500
Processing by WelcomeController#index as HTML
  Rendering welcome/index.html.erb within layouts/application
  Rendered welcome/index.html.erb within layouts/application (0.3ms)
Completed 500 Internal Server Error in 4ms (ActiveRecord: 0.0ms)


  
SyntaxError (/home/stefania/Documentos/projects/UN_users/app/views/layouts/application.html.erb:29: syntax error, unexpected ensure, expecting end
          ensure
          ^~~~~~
/home/stefania/Documentos/projects/UN_users/app/views/layouts/application.html.erb:31: syntax error, unexpected end-of-input, expecting end):
  
app/views/layouts/application.html.erb:29: syntax error, unexpected ensure, expecting end
app/views/layouts/application.html.erb:31: syntax error, unexpected end-of-input, expecting end
Started GET "/" for ::1 at 2019-05-20 22:31:46 -0500
Processing by WelcomeController#index as HTML
  Rendering welcome/index.html.erb within layouts/application
  Rendered welcome/index.html.erb within layouts/application (0.4ms)
  [1m[36mUser Load (0.3ms)[0m  [1m[34mSELECT  `users`.* FROM `users` WHERE `users`.`id` = 1 ORDER BY `users`.`id` ASC LIMIT 1[0m
  ↳ app/views/layouts/application.html.erb:16
Completed 200 OK in 41ms (Views: 39.9ms | ActiveRecord: 0.3ms)


Started GET "/" for ::1 at 2019-05-20 22:31:55 -0500
Processing by WelcomeController#index as HTML
  Rendering welcome/index.html.erb within layouts/application
  Rendered welcome/index.html.erb within layouts/application (0.8ms)
  [1m[36mUser Load (0.3ms)[0m  [1m[34mSELECT  `users`.* FROM `users` WHERE `users`.`id` = 1 ORDER BY `users`.`id` ASC LIMIT 1[0m
  ↳ app/views/layouts/application.html.erb:16
Completed 200 OK in 32ms (Views: 30.6ms | ActiveRecord: 0.3ms)


Started GET "/users/sign_in" for ::1 at 2019-05-20 22:32:02 -0500
Processing by Devise::SessionsController#new as HTML
  [1m[36mUser Load (0.3ms)[0m  [1m[34mSELECT  `users`.* FROM `users` WHERE `users`.`id` = 1 ORDER BY `users`.`id` ASC LIMIT 1[0m
  ↳ /home/stefania/.rvm/gems/ruby-2.6.1/gems/activerecord-5.2.3/lib/active_record/log_subscriber.rb:98
Redirected to http://localhost:3000/
Filter chain halted as :require_no_authentication rendered or redirected
Completed 302 Found in 3ms (ActiveRecord: 0.3ms)


Started GET "/" for ::1 at 2019-05-20 22:32:02 -0500
Processing by WelcomeController#index as HTML
  Rendering welcome/index.html.erb within layouts/application
  Rendered welcome/index.html.erb within layouts/application (0.3ms)
  [1m[36mUser Load (0.7ms)[0m  [1m[34mSELECT  `users`.* FROM `users` WHERE `users`.`id` = 1 ORDER BY `users`.`id` ASC LIMIT 1[0m
  ↳ app/views/layouts/application.html.erb:16
Completed 200 OK in 33ms (Views: 30.7ms | ActiveRecord: 0.7ms)


Started GET "/" for ::1 at 2019-05-20 22:32:52 -0500
Processing by WelcomeController#index as HTML
  Rendering welcome/index.html.erb within layouts/application
  Rendered welcome/index.html.erb within layouts/application (0.3ms)
  [1m[36mUser Load (0.6ms)[0m  [1m[34mSELECT  `users`.* FROM `users` WHERE `users`.`id` = 1 ORDER BY `users`.`id` ASC LIMIT 1[0m
  ↳ app/views/layouts/application.html.erb:16
Completed 200 OK in 41ms (Views: 39.4ms | ActiveRecord: 0.6ms)


Started DELETE "/users/sign_out" for ::1 at 2019-05-20 22:32:54 -0500
Processing by Devise::SessionsController#destroy as HTML
  Parameters: {"authenticity_token"=>"+L0ErbeoKOm5s1B8qHSghDF7gwJlg92BBASyhoarpAsCnNuXCS+9ZKOtdzoxvDAE37e26zk7XJxKVvFYBiEBBQ=="}
  [1m[36mUser Load (0.4ms)[0m  [1m[34mSELECT  `users`.* FROM `users` WHERE `users`.`id` = 1 ORDER BY `users`.`id` ASC LIMIT 1[0m
  ↳ /home/stefania/.rvm/gems/ruby-2.6.1/gems/activerecord-5.2.3/lib/active_record/log_subscriber.rb:98
  [1m[35m (0.3ms)[0m  [1m[35mBEGIN[0m
  ↳ /home/stefania/.rvm/gems/ruby-2.6.1/gems/activerecord-5.2.3/lib/active_record/log_subscriber.rb:98
  [1m[35m (0.2ms)[0m  [1m[35mCOMMIT[0m
  ↳ /home/stefania/.rvm/gems/ruby-2.6.1/gems/activerecord-5.2.3/lib/active_record/log_subscriber.rb:98
Redirected to http://localhost:3000/
Completed 302 Found in 45ms (ActiveRecord: 0.8ms)


Started GET "/" for ::1 at 2019-05-20 22:32:54 -0500
Processing by WelcomeController#index as HTML
  Rendering welcome/index.html.erb within layouts/application
  Rendered welcome/index.html.erb within layouts/application (0.6ms)
Completed 200 OK in 40ms (Views: 38.5ms | ActiveRecord: 0.0ms)


Started GET "/" for ::1 at 2019-05-20 22:48:38 -0500
  [1m[35m (0.7ms)[0m  [1m[35mSET NAMES utf8,  @@SESSION.sql_mode = CONCAT(CONCAT(@@sql_mode, ',STRICT_ALL_TABLES'), ',NO_AUTO_VALUE_ON_ZERO'),  @@SESSION.sql_auto_is_null = 0, @@SESSION.wait_timeout = 2147483[0m
  ↳ /home/stefania/.rvm/gems/ruby-2.6.1/gems/activerecord-5.2.3/lib/active_record/log_subscriber.rb:98
Processing by WelcomeController#index as HTML
  Rendering welcome/index.html.erb within layouts/application
  Rendered welcome/index.html.erb within layouts/application (2.2ms)
Completed 200 OK in 112ms (Views: 108.3ms | ActiveRecord: 0.0ms)


Started GET "/users/sign_in" for ::1 at 2019-05-20 22:48:50 -0500
Processing by Devise::SessionsController#new as HTML
  Rendering /home/stefania/.rvm/gems/ruby-2.6.1/gems/devise-4.6.2/app/views/devise/sessions/new.html.erb within layouts/application
  Rendered /home/stefania/.rvm/gems/ruby-2.6.1/gems/devise-4.6.2/app/views/devise/shared/_links.html.erb (1.1ms)
  Rendered /home/stefania/.rvm/gems/ruby-2.6.1/gems/devise-4.6.2/app/views/devise/sessions/new.html.erb within layouts/application (5.2ms)
Completed 200 OK in 27ms (Views: 26.0ms | ActiveRecord: 0.0ms)


Started POST "/users/sign_in" for ::1 at 2019-05-20 22:48:52 -0500
Processing by Devise::SessionsController#create as HTML
  Parameters: {"utf8"=>"✓", "authenticity_token"=>"rvsjZPte3189IM7W+Sev3ewZXCs6Zr7taMelMIKVkeR4lI4m/dt85QpJ5BzJFfYYQcjxbuKf8OzRZ7AnyMajbA==", "user"=>{"email"=>"sarguellesr@unal.edu.co", "password"=>"[FILTERED]", "remember_me"=>"0"}, "commit"=>"Log in"}
  [1m[36mUser Load (0.4ms)[0m  [1m[34mSELECT  `users`.* FROM `users` WHERE `users`.`email` = 'sarguellesr@unal.edu.co' ORDER BY `users`.`id` ASC LIMIT 1[0m
  ↳ /home/stefania/.rvm/gems/ruby-2.6.1/gems/activerecord-5.2.3/lib/active_record/log_subscriber.rb:98
Completed 401 Unauthorized in 143ms (ActiveRecord: 0.4ms)


Processing by Devise::SessionsController#new as HTML
  Parameters: {"utf8"=>"✓", "authenticity_token"=>"rvsjZPte3189IM7W+Sev3ewZXCs6Zr7taMelMIKVkeR4lI4m/dt85QpJ5BzJFfYYQcjxbuKf8OzRZ7AnyMajbA==", "user"=>{"email"=>"sarguellesr@unal.edu.co", "password"=>"[FILTERED]", "remember_me"=>"0"}, "commit"=>"Log in"}
  Rendering /home/stefania/.rvm/gems/ruby-2.6.1/gems/devise-4.6.2/app/views/devise/sessions/new.html.erb within layouts/application
  Rendered /home/stefania/.rvm/gems/ruby-2.6.1/gems/devise-4.6.2/app/views/devise/shared/_links.html.erb (0.7ms)
  Rendered /home/stefania/.rvm/gems/ruby-2.6.1/gems/devise-4.6.2/app/views/devise/sessions/new.html.erb within layouts/application (3.4ms)
Completed 200 OK in 163ms (Views: 22.0ms | ActiveRecord: 0.0ms)


Started GET "/users/sign_up" for ::1 at 2019-05-20 22:49:02 -0500
Processing by Devise::RegistrationsController#new as HTML
  Rendering /home/stefania/.rvm/gems/ruby-2.6.1/gems/devise-4.6.2/app/views/devise/registrations/new.html.erb within layouts/application
  Rendered /home/stefania/.rvm/gems/ruby-2.6.1/gems/devise-4.6.2/app/views/devise/shared/_error_messages.html.erb (0.8ms)
  Rendered /home/stefania/.rvm/gems/ruby-2.6.1/gems/devise-4.6.2/app/views/devise/shared/_links.html.erb (1.2ms)
  Rendered /home/stefania/.rvm/gems/ruby-2.6.1/gems/devise-4.6.2/app/views/devise/registrations/new.html.erb within layouts/application (7.6ms)
Completed 200 OK in 30ms (Views: 29.3ms | ActiveRecord: 0.0ms)


Started GET "/users/sign_in" for ::1 at 2019-05-20 22:49:04 -0500
Processing by Devise::SessionsController#new as HTML
  Rendering /home/stefania/.rvm/gems/ruby-2.6.1/gems/devise-4.6.2/app/views/devise/sessions/new.html.erb within layouts/application
  Rendered /home/stefania/.rvm/gems/ruby-2.6.1/gems/devise-4.6.2/app/views/devise/shared/_links.html.erb (1.4ms)
  Rendered /home/stefania/.rvm/gems/ruby-2.6.1/gems/devise-4.6.2/app/views/devise/sessions/new.html.erb within layouts/application (6.0ms)
Completed 200 OK in 37ms (Views: 35.4ms | ActiveRecord: 0.0ms)


Started POST "/users/sign_in" for ::1 at 2019-05-20 22:49:11 -0500
Processing by Devise::SessionsController#create as HTML
  Parameters: {"utf8"=>"✓", "authenticity_token"=>"LyVZbJiPGH8XDA9WDNnIjygfK+hvxI63Zi15Pmrs5ALF1xSwXa0ESrGabbAnrGPxTUTtmwSjE5Wt7qCA15B4Tw==", "user"=>{"email"=>"sarguellesr@unal.edu.co", "password"=>"[FILTERED]", "remember_me"=>"0"}, "commit"=>"Log in"}
  [1m[36mUser Load (0.8ms)[0m  [1m[34mSELECT  `users`.* FROM `users` WHERE `users`.`email` = 'sarguellesr@unal.edu.co' ORDER BY `users`.`id` ASC LIMIT 1[0m
  ↳ /home/stefania/.rvm/gems/ruby-2.6.1/gems/activerecord-5.2.3/lib/active_record/log_subscriber.rb:98
Redirected to http://localhost:3000/
Completed 302 Found in 144ms (ActiveRecord: 0.8ms)


Started GET "/" for ::1 at 2019-05-20 22:49:11 -0500
Processing by WelcomeController#index as HTML
  Rendering welcome/index.html.erb within layouts/application
  Rendered welcome/index.html.erb within layouts/application (0.4ms)
  [1m[36mUser Load (0.7ms)[0m  [1m[34mSELECT  `users`.* FROM `users` WHERE `users`.`id` = 1 ORDER BY `users`.`id` ASC LIMIT 1[0m
  ↳ app/views/layouts/application.html.erb:16
Completed 200 OK in 22ms (Views: 20.2ms | ActiveRecord: 0.7ms)


Started DELETE "/users/sign_out" for ::1 at 2019-05-20 22:49:17 -0500
Processing by Devise::SessionsController#destroy as HTML
  Parameters: {"authenticity_token"=>"XETrq7PLX7lZUVimK7nicfzyjY1xhzVA95OZSm/jtDRJ61AXvEBkBPGzJlmIplVDOtddsXnEcjO1W8N7FTKGEg=="}
  [1m[36mUser Load (0.4ms)[0m  [1m[34mSELECT  `users`.* FROM `users` WHERE `users`.`id` = 1 ORDER BY `users`.`id` ASC LIMIT 1[0m
  ↳ /home/stefania/.rvm/gems/ruby-2.6.1/gems/activerecord-5.2.3/lib/active_record/log_subscriber.rb:98
  [1m[35m (0.2ms)[0m  [1m[35mBEGIN[0m
  ↳ /home/stefania/.rvm/gems/ruby-2.6.1/gems/activerecord-5.2.3/lib/active_record/log_subscriber.rb:98
  [1m[35m (0.2ms)[0m  [1m[35mCOMMIT[0m
  ↳ /home/stefania/.rvm/gems/ruby-2.6.1/gems/activerecord-5.2.3/lib/active_record/log_subscriber.rb:98
Redirected to http://localhost:3000/
Completed 302 Found in 5ms (ActiveRecord: 0.7ms)


Started GET "/" for ::1 at 2019-05-20 22:49:17 -0500
Processing by WelcomeController#index as HTML
  Rendering welcome/index.html.erb within layouts/application
  Rendered welcome/index.html.erb within layouts/application (0.4ms)
Completed 200 OK in 20ms (Views: 19.5ms | ActiveRecord: 0.0ms)


Started GET "/" for ::1 at 2019-05-20 22:52:30 -0500
Processing by WelcomeController#index as HTML
  Rendering welcome/index.html.erb within layouts/application
  Rendered welcome/index.html.erb within layouts/application (0.4ms)
Completed 200 OK in 61ms (Views: 60.2ms | ActiveRecord: 0.0ms)


Started GET "/users/sign_in" for ::1 at 2019-05-20 22:52:35 -0500
Processing by Devise::SessionsController#new as HTML
  Rendering /home/stefania/.rvm/gems/ruby-2.6.1/gems/devise-4.6.2/app/views/devise/sessions/new.html.erb within layouts/application
  Rendered /home/stefania/.rvm/gems/ruby-2.6.1/gems/devise-4.6.2/app/views/devise/shared/_links.html.erb (0.7ms)
  Rendered /home/stefania/.rvm/gems/ruby-2.6.1/gems/devise-4.6.2/app/views/devise/sessions/new.html.erb within layouts/application (4.0ms)
Completed 200 OK in 41ms (Views: 39.7ms | ActiveRecord: 0.0ms)


Started POST "/users/sign_in" for ::1 at 2019-05-20 22:52:45 -0500
Processing by Devise::SessionsController#create as HTML
  Parameters: {"utf8"=>"✓", "authenticity_token"=>"7SqyPDq99kjUZqquoCABBki80zrHFHiNPvQh7gXb+FZwPQHNAW0OOx1S65vQQ89/NlNI5MEdlZMfoKxsbsoaqg==", "user"=>{"email"=>"sarguellesr@unal.edu.co", "password"=>"[FILTERED]", "remember_me"=>"0"}, "commit"=>"Log in"}
  [1m[36mUser Load (0.4ms)[0m  [1m[34mSELECT  `users`.* FROM `users` WHERE `users`.`email` = 'sarguellesr@unal.edu.co' ORDER BY `users`.`id` ASC LIMIT 1[0m
  ↳ /home/stefania/.rvm/gems/ruby-2.6.1/gems/activerecord-5.2.3/lib/active_record/log_subscriber.rb:98
Redirected to http://localhost:3000/
Completed 302 Found in 144ms (ActiveRecord: 0.4ms)


Started GET "/" for ::1 at 2019-05-20 22:52:45 -0500
Processing by WelcomeController#index as HTML
  Rendering welcome/index.html.erb within layouts/application
  Rendered welcome/index.html.erb within layouts/application (0.3ms)
  [1m[36mUser Load (0.3ms)[0m  [1m[34mSELECT  `users`.* FROM `users` WHERE `users`.`id` = 1 ORDER BY `users`.`id` ASC LIMIT 1[0m
  ↳ app/views/layouts/application.html.erb:16
Completed 200 OK in 21ms (Views: 19.6ms | ActiveRecord: 0.3ms)


Started GET "/" for ::1 at 2019-05-20 22:53:44 -0500
Processing by WelcomeController#index as HTML
  Rendering welcome/index.html.erb within layouts/application
  Rendered welcome/index.html.erb within layouts/application (0.3ms)
  [1m[36mUser Load (0.4ms)[0m  [1m[34mSELECT  `users`.* FROM `users` WHERE `users`.`id` = 1 ORDER BY `users`.`id` ASC LIMIT 1[0m
  ↳ app/views/layouts/application.html.erb:16
Completed 200 OK in 41ms (Views: 21.7ms | ActiveRecord: 0.4ms)


Started GET "/" for ::1 at 2019-05-20 22:54:43 -0500
Processing by WelcomeController#index as HTML
  Rendering welcome/index.html.erb within layouts/application
  Rendered welcome/index.html.erb within layouts/application (0.4ms)
  [1m[36mUser Load (0.5ms)[0m  [1m[34mSELECT  `users`.* FROM `users` WHERE `users`.`id` = 1 ORDER BY `users`.`id` ASC LIMIT 1[0m
  ↳ app/views/layouts/application.html.erb:19
Completed 200 OK in 23ms (Views: 21.9ms | ActiveRecord: 0.5ms)


Started DELETE "/users/sign_out" for ::1 at 2019-05-20 22:54:46 -0500
Processing by Devise::SessionsController#destroy as HTML
  Parameters: {"authenticity_token"=>"PDYjwkKF3F0T98N25Ujz114f/1cMxy4zw+nrTIKsvOiTflfvOmkH2OZiEarzFw2jN+0h05hpsv3Shz4AD0ZWBQ=="}
  [1m[36mUser Load (0.4ms)[0m  [1m[34mSELECT  `users`.* FROM `users` WHERE `users`.`id` = 1 ORDER BY `users`.`id` ASC LIMIT 1[0m
  ↳ /home/stefania/.rvm/gems/ruby-2.6.1/gems/activerecord-5.2.3/lib/active_record/log_subscriber.rb:98
  [1m[35m (0.2ms)[0m  [1m[35mBEGIN[0m
  ↳ /home/stefania/.rvm/gems/ruby-2.6.1/gems/activerecord-5.2.3/lib/active_record/log_subscriber.rb:98
  [1m[35m (0.1ms)[0m  [1m[35mCOMMIT[0m
  ↳ /home/stefania/.rvm/gems/ruby-2.6.1/gems/activerecord-5.2.3/lib/active_record/log_subscriber.rb:98
Redirected to http://localhost:3000/
Completed 302 Found in 4ms (ActiveRecord: 0.8ms)


Started GET "/" for ::1 at 2019-05-20 22:54:46 -0500
Processing by WelcomeController#index as HTML
  Rendering welcome/index.html.erb within layouts/application
  Rendered welcome/index.html.erb within layouts/application (0.5ms)
Completed 200 OK in 17ms (Views: 15.6ms | ActiveRecord: 0.0ms)


Started GET "/users/sign_in" for ::1 at 2019-05-20 22:54:51 -0500
Processing by Devise::SessionsController#new as HTML
  Rendering /home/stefania/.rvm/gems/ruby-2.6.1/gems/devise-4.6.2/app/views/devise/sessions/new.html.erb within layouts/application
  Rendered /home/stefania/.rvm/gems/ruby-2.6.1/gems/devise-4.6.2/app/views/devise/shared/_links.html.erb (1.2ms)
  Rendered /home/stefania/.rvm/gems/ruby-2.6.1/gems/devise-4.6.2/app/views/devise/sessions/new.html.erb within layouts/application (5.0ms)
Completed 200 OK in 25ms (Views: 24.0ms | ActiveRecord: 0.0ms)


Started POST "/users/sign_in" for ::1 at 2019-05-20 22:55:01 -0500
Processing by Devise::SessionsController#create as HTML
  Parameters: {"utf8"=>"✓", "authenticity_token"=>"OkJ7eCEWY2XF+fzYOZld/t1q1wZ/AF9zdo9LHFqEk6kXL2Qa6BO9PYMIsypm9UAOAprSMo6sHG+gXgc3GESG8A==", "user"=>{"email"=>"sarguellesr@unal.edu.co", "password"=>"[FILTERED]", "remember_me"=>"0"}, "commit"=>"Log in"}
  [1m[36mUser Load (0.4ms)[0m  [1m[34mSELECT  `users`.* FROM `users` WHERE `users`.`email` = 'sarguellesr@unal.edu.co' ORDER BY `users`.`id` ASC LIMIT 1[0m
  ↳ /home/stefania/.rvm/gems/ruby-2.6.1/gems/activerecord-5.2.3/lib/active_record/log_subscriber.rb:98
Completed 401 Unauthorized in 142ms (ActiveRecord: 0.4ms)


Processing by Devise::SessionsController#new as HTML
  Parameters: {"utf8"=>"✓", "authenticity_token"=>"OkJ7eCEWY2XF+fzYOZld/t1q1wZ/AF9zdo9LHFqEk6kXL2Qa6BO9PYMIsypm9UAOAprSMo6sHG+gXgc3GESG8A==", "user"=>{"email"=>"sarguellesr@unal.edu.co", "password"=>"[FILTERED]", "remember_me"=>"0"}, "commit"=>"Log in"}
  Rendering /home/stefania/.rvm/gems/ruby-2.6.1/gems/devise-4.6.2/app/views/devise/sessions/new.html.erb within layouts/application
  Rendered /home/stefania/.rvm/gems/ruby-2.6.1/gems/devise-4.6.2/app/views/devise/shared/_links.html.erb (0.6ms)
  Rendered /home/stefania/.rvm/gems/ruby-2.6.1/gems/devise-4.6.2/app/views/devise/sessions/new.html.erb within layouts/application (3.3ms)
Completed 200 OK in 156ms (Views: 17.8ms | ActiveRecord: 0.0ms)


Started POST "/users/sign_in" for ::1 at 2019-05-20 22:55:08 -0500
Processing by Devise::SessionsController#create as HTML
  Parameters: {"utf8"=>"✓", "authenticity_token"=>"WNUxYwwJvkHc5JgIYXOgJ0sUa+ahU/1rLmAKrgF1Col1uC4BxQxgGZoV1/o+H73XlORu0lD/vnf4sUaFQ7Uf0A==", "user"=>{"email"=>"sarguellesr@unal.edu.co", "password"=>"[FILTERED]", "remember_me"=>"0"}, "commit"=>"Log in"}
  [1m[36mUser Load (0.5ms)[0m  [1m[34mSELECT  `users`.* FROM `users` WHERE `users`.`email` = 'sarguellesr@unal.edu.co' ORDER BY `users`.`id` ASC LIMIT 1[0m
  ↳ /home/stefania/.rvm/gems/ruby-2.6.1/gems/activerecord-5.2.3/lib/active_record/log_subscriber.rb:98
Redirected to http://localhost:3000/
Completed 302 Found in 142ms (ActiveRecord: 0.5ms)


Started GET "/" for ::1 at 2019-05-20 22:55:08 -0500
Processing by WelcomeController#index as HTML
  Rendering welcome/index.html.erb within layouts/application
  Rendered welcome/index.html.erb within layouts/application (0.6ms)
  [1m[36mUser Load (0.5ms)[0m  [1m[34mSELECT  `users`.* FROM `users` WHERE `users`.`id` = 1 ORDER BY `users`.`id` ASC LIMIT 1[0m
  ↳ app/views/layouts/application.html.erb:19
Completed 200 OK in 23ms (Views: 21.0ms | ActiveRecord: 0.5ms)


Started GET "/" for ::1 at 2019-05-20 22:56:25 -0500
Processing by WelcomeController#index as HTML
  Rendering welcome/index.html.erb within layouts/application
  Rendered welcome/index.html.erb within layouts/application (0.6ms)
  [1m[36mUser Load (0.3ms)[0m  [1m[34mSELECT  `users`.* FROM `users` WHERE `users`.`id` = 1 ORDER BY `users`.`id` ASC LIMIT 1[0m
  ↳ app/views/layouts/application.html.erb:19
Completed 200 OK in 19ms (Views: 18.1ms | ActiveRecord: 0.3ms)


Started GET "/" for ::1 at 2019-05-20 22:56:27 -0500
Processing by WelcomeController#index as HTML
  Rendering welcome/index.html.erb within layouts/application
  Rendered welcome/index.html.erb within layouts/application (0.3ms)
  [1m[36mUser Load (0.4ms)[0m  [1m[34mSELECT  `users`.* FROM `users` WHERE `users`.`id` = 1 ORDER BY `users`.`id` ASC LIMIT 1[0m
  ↳ app/views/layouts/application.html.erb:19
Completed 200 OK in 20ms (Views: 19.0ms | ActiveRecord: 0.4ms)


Started GET "/" for ::1 at 2019-05-20 22:56:38 -0500
Processing by WelcomeController#index as HTML
  Rendering welcome/index.html.erb within layouts/application
  Rendered welcome/index.html.erb within layouts/application (0.3ms)
  [1m[36mUser Load (0.4ms)[0m  [1m[34mSELECT  `users`.* FROM `users` WHERE `users`.`id` = 1 ORDER BY `users`.`id` ASC LIMIT 1[0m
  ↳ app/views/layouts/application.html.erb:19
Completed 200 OK in 21ms (Views: 19.6ms | ActiveRecord: 0.4ms)


Started GET "/" for ::1 at 2019-05-20 22:57:05 -0500
Processing by WelcomeController#index as HTML
  Rendering welcome/index.html.erb within layouts/application
  Rendered welcome/index.html.erb within layouts/application (0.4ms)
  [1m[36mUser Load (0.4ms)[0m  [1m[34mSELECT  `users`.* FROM `users` WHERE `users`.`id` = 1 ORDER BY `users`.`id` ASC LIMIT 1[0m
  ↳ app/views/layouts/application.html.erb:19
Completed 200 OK in 21ms (Views: 20.0ms | ActiveRecord: 0.4ms)


Started GET "/" for ::1 at 2019-05-20 22:57:07 -0500
Processing by WelcomeController#index as HTML
  Rendering welcome/index.html.erb within layouts/application
  Rendered welcome/index.html.erb within layouts/application (0.4ms)
  [1m[36mUser Load (0.4ms)[0m  [1m[34mSELECT  `users`.* FROM `users` WHERE `users`.`id` = 1 ORDER BY `users`.`id` ASC LIMIT 1[0m
  ↳ app/views/layouts/application.html.erb:19
Completed 200 OK in 23ms (Views: 21.0ms | ActiveRecord: 0.4ms)


Started DELETE "/users/sign_out" for ::1 at 2019-05-20 22:57:10 -0500
Processing by Devise::SessionsController#destroy as HTML
  Parameters: {"authenticity_token"=>"k6BNVfm35c67Dsvm252yM/ZA6JphoneYr67c2DuUpI3VRV4dbIUPQkCxHl7YGJaCA4tbDSMCBzaqeb/OHhPUvw=="}
  [1m[36mUser Load (0.6ms)[0m  [1m[34mSELECT  `users`.* FROM `users` WHERE `users`.`id` = 1 ORDER BY `users`.`id` ASC LIMIT 1[0m
  ↳ /home/stefania/.rvm/gems/ruby-2.6.1/gems/activerecord-5.2.3/lib/active_record/log_subscriber.rb:98
  [1m[35m (0.2ms)[0m  [1m[35mBEGIN[0m
  ↳ /home/stefania/.rvm/gems/ruby-2.6.1/gems/activerecord-5.2.3/lib/active_record/log_subscriber.rb:98
  [1m[35m (0.3ms)[0m  [1m[35mCOMMIT[0m
  ↳ /home/stefania/.rvm/gems/ruby-2.6.1/gems/activerecord-5.2.3/lib/active_record/log_subscriber.rb:98
Redirected to http://localhost:3000/
Completed 302 Found in 6ms (ActiveRecord: 1.0ms)


Started GET "/" for ::1 at 2019-05-20 22:57:10 -0500
Processing by WelcomeController#index as HTML
  Rendering welcome/index.html.erb within layouts/application
  Rendered welcome/index.html.erb within layouts/application (0.3ms)
Completed 200 OK in 35ms (Views: 34.8ms | ActiveRecord: 0.0ms)


Started GET "/users/sign_in" for ::1 at 2019-05-20 22:58:05 -0500
Processing by Devise::SessionsController#new as HTML
  Rendering /home/stefania/.rvm/gems/ruby-2.6.1/gems/devise-4.6.2/app/views/devise/sessions/new.html.erb within layouts/application
  Rendered /home/stefania/.rvm/gems/ruby-2.6.1/gems/devise-4.6.2/app/views/devise/shared/_links.html.erb (1.1ms)
  Rendered /home/stefania/.rvm/gems/ruby-2.6.1/gems/devise-4.6.2/app/views/devise/sessions/new.html.erb within layouts/application (6.1ms)
Completed 200 OK in 54ms (Views: 52.8ms | ActiveRecord: 0.0ms)


Started GET "/users/sign_in" for ::1 at 2019-05-20 23:08:43 -0500
  [1m[35m (0.3ms)[0m  [1m[35mSET NAMES utf8,  @@SESSION.sql_mode = CONCAT(CONCAT(@@sql_mode, ',STRICT_ALL_TABLES'), ',NO_AUTO_VALUE_ON_ZERO'),  @@SESSION.sql_auto_is_null = 0, @@SESSION.wait_timeout = 2147483[0m
  ↳ /home/stefania/.rvm/gems/ruby-2.6.1/gems/activerecord-5.2.3/lib/active_record/log_subscriber.rb:98
Processing by Devise::SessionsController#new as HTML
  Rendering /home/stefania/.rvm/gems/ruby-2.6.1/gems/devise-4.6.2/app/views/devise/sessions/new.html.erb within layouts/application
  Rendered /home/stefania/.rvm/gems/ruby-2.6.1/gems/devise-4.6.2/app/views/devise/shared/_links.html.erb (0.9ms)
  Rendered /home/stefania/.rvm/gems/ruby-2.6.1/gems/devise-4.6.2/app/views/devise/sessions/new.html.erb within layouts/application (3.9ms)
  Rendered partials/_navigation.html.erb (0.9ms)
Completed 500 Internal Server Error in 24ms (ActiveRecord: 0.0ms)


  
SyntaxError (/home/stefania/Documentos/projects/UN_users/app/views/partials/_navigation.html.erb:13: else without rescue is useless
            else 
            ^~~~
/home/stefania/Documentos/projects/UN_users/app/views/partials/_navigation.html.erb:26: syntax error, unexpected ensure, expecting end-of-input
          ensure
          ^~~~~~):
  
app/views/partials/_navigation.html.erb:13: else without rescue is useless
app/views/partials/_navigation.html.erb:26: syntax error, unexpected ensure, expecting end-of-input
app/views/layouts/application.html.erb:13:in `_app_views_layouts_application_html_erb___2951933192786375091_70202759799160'
Started GET "/users/sign_in" for ::1 at 2019-05-20 23:09:51 -0500
Processing by Devise::SessionsController#new as HTML
  Rendering /home/stefania/.rvm/gems/ruby-2.6.1/gems/devise-4.6.2/app/views/devise/sessions/new.html.erb within layouts/application
  Rendered /home/stefania/.rvm/gems/ruby-2.6.1/gems/devise-4.6.2/app/views/devise/shared/_links.html.erb (1.1ms)
  Rendered /home/stefania/.rvm/gems/ruby-2.6.1/gems/devise-4.6.2/app/views/devise/sessions/new.html.erb within layouts/application (4.4ms)
  Rendered partials/_navigation.html.erb (609.8ms)
Completed 500 Internal Server Error in 632ms (ActiveRecord: 0.0ms)


  
ActionView::Template::Error (undefined local variable or method `destroy_user_registration_path' for #<#<Class:0x000055eb947d3810>:0x00007fb2b82f8d30>
Did you mean?  destroy_user_session_path
               edit_user_registration_path):
    15:                     <%=link_to "Iniciar Sesion", new_user_session_path %>
    16:                 </li>
    17:                 <li class = "col-md">
    18:                     <%=link_to "Crear Cuenta", destroy_user_registration_path %>
    19:                 </li>
    20:             <%end%>
    21: 
  
app/views/partials/_navigation.html.erb:18:in `_app_views_partials__navigation_html_erb__2188429060797234632_70202853259720'
app/views/layouts/application.html.erb:13:in `_app_views_layouts_application_html_erb___2951933192786375091_70202785492760'
Started GET "/users/sign_in" for ::1 at 2019-05-20 23:10:22 -0500
Processing by Devise::SessionsController#new as HTML
  Rendering /home/stefania/.rvm/gems/ruby-2.6.1/gems/devise-4.6.2/app/views/devise/sessions/new.html.erb within layouts/application
  Rendered /home/stefania/.rvm/gems/ruby-2.6.1/gems/devise-4.6.2/app/views/devise/shared/_links.html.erb (1.1ms)
  Rendered /home/stefania/.rvm/gems/ruby-2.6.1/gems/devise-4.6.2/app/views/devise/sessions/new.html.erb within layouts/application (5.8ms)
  Rendered partials/_navigation.html.erb (0.6ms)
Completed 200 OK in 33ms (Views: 32.0ms | ActiveRecord: 0.0ms)


Started GET "/users/sign_up" for ::1 at 2019-05-20 23:10:24 -0500
Processing by Devise::RegistrationsController#new as HTML
  Rendering /home/stefania/.rvm/gems/ruby-2.6.1/gems/devise-4.6.2/app/views/devise/registrations/new.html.erb within layouts/application
  Rendered /home/stefania/.rvm/gems/ruby-2.6.1/gems/devise-4.6.2/app/views/devise/shared/_error_messages.html.erb (0.7ms)
  Rendered /home/stefania/.rvm/gems/ruby-2.6.1/gems/devise-4.6.2/app/views/devise/shared/_links.html.erb (2.0ms)
  Rendered /home/stefania/.rvm/gems/ruby-2.6.1/gems/devise-4.6.2/app/views/devise/registrations/new.html.erb within layouts/application (8.0ms)
  Rendered partials/_navigation.html.erb (1.2ms)
Completed 200 OK in 39ms (Views: 37.8ms | ActiveRecord: 0.0ms)


Started GET "/users/sign_in" for ::1 at 2019-05-20 23:10:26 -0500
Processing by Devise::SessionsController#new as HTML
  Rendering /home/stefania/.rvm/gems/ruby-2.6.1/gems/devise-4.6.2/app/views/devise/sessions/new.html.erb within layouts/application
  Rendered /home/stefania/.rvm/gems/ruby-2.6.1/gems/devise-4.6.2/app/views/devise/shared/_links.html.erb (1.1ms)
  Rendered /home/stefania/.rvm/gems/ruby-2.6.1/gems/devise-4.6.2/app/views/devise/sessions/new.html.erb within layouts/application (5.7ms)
  Rendered partials/_navigation.html.erb (1.0ms)
Completed 200 OK in 50ms (Views: 48.6ms | ActiveRecord: 0.0ms)


Started GET "/users/sign_up" for ::1 at 2019-05-20 23:10:28 -0500
Processing by Devise::RegistrationsController#new as HTML
  Rendering /home/stefania/.rvm/gems/ruby-2.6.1/gems/devise-4.6.2/app/views/devise/registrations/new.html.erb within layouts/application
  Rendered /home/stefania/.rvm/gems/ruby-2.6.1/gems/devise-4.6.2/app/views/devise/shared/_error_messages.html.erb (0.4ms)
  Rendered /home/stefania/.rvm/gems/ruby-2.6.1/gems/devise-4.6.2/app/views/devise/shared/_links.html.erb (0.7ms)
  Rendered /home/stefania/.rvm/gems/ruby-2.6.1/gems/devise-4.6.2/app/views/devise/registrations/new.html.erb within layouts/application (3.9ms)
  Rendered partials/_navigation.html.erb (0.6ms)
Completed 200 OK in 23ms (Views: 22.3ms | ActiveRecord: 0.0ms)


Started GET "/users/sign_in" for ::1 at 2019-05-20 23:10:30 -0500
Processing by Devise::SessionsController#new as HTML
  Rendering /home/stefania/.rvm/gems/ruby-2.6.1/gems/devise-4.6.2/app/views/devise/sessions/new.html.erb within layouts/application
  Rendered /home/stefania/.rvm/gems/ruby-2.6.1/gems/devise-4.6.2/app/views/devise/shared/_links.html.erb (2.4ms)
  Rendered /home/stefania/.rvm/gems/ruby-2.6.1/gems/devise-4.6.2/app/views/devise/sessions/new.html.erb within layouts/application (9.5ms)
  Rendered partials/_navigation.html.erb (0.6ms)
Completed 200 OK in 39ms (Views: 37.5ms | ActiveRecord: 0.0ms)


Started GET "/users/sign_in" for ::1 at 2019-05-20 23:29:49 -0500
  [1m[35m (0.3ms)[0m  [1m[35mSET NAMES utf8,  @@SESSION.sql_mode = CONCAT(CONCAT(@@sql_mode, ',STRICT_ALL_TABLES'), ',NO_AUTO_VALUE_ON_ZERO'),  @@SESSION.sql_auto_is_null = 0, @@SESSION.wait_timeout = 2147483[0m
  ↳ /home/stefania/.rvm/gems/ruby-2.6.1/gems/activerecord-5.2.3/lib/active_record/log_subscriber.rb:98
  [1m[35m (0.3ms)[0m  [1m[34mSELECT `schema_migrations`.`version` FROM `schema_migrations` ORDER BY `schema_migrations`.`version` ASC[0m
  ↳ /home/stefania/.rvm/gems/ruby-2.6.1/gems/activerecord-5.2.3/lib/active_record/log_subscriber.rb:98
Processing by Devise::SessionsController#new as HTML
  Rendering devise/sessions/new.html.erb within layouts/application
  Rendered devise/shared/_links.html.erb (1.1ms)
  Rendered devise/sessions/new.html.erb within layouts/application (9.5ms)
  Rendered partials/_navigation.html.erb (0.6ms)
Completed 200 OK in 328ms (Views: 302.6ms | ActiveRecord: 1.1ms)


Started GET "/users/sign_in" for ::1 at 2019-05-20 23:51:10 -0500
  [1m[35m (0.2ms)[0m  [1m[35mSET NAMES utf8,  @@SESSION.sql_mode = CONCAT(CONCAT(@@sql_mode, ',STRICT_ALL_TABLES'), ',NO_AUTO_VALUE_ON_ZERO'),  @@SESSION.sql_auto_is_null = 0, @@SESSION.wait_timeout = 2147483[0m
  ↳ /home/stefania/.rvm/gems/ruby-2.6.1/gems/activerecord-5.2.3/lib/active_record/log_subscriber.rb:98
  [1m[35m (0.2ms)[0m  [1m[34mSELECT `schema_migrations`.`version` FROM `schema_migrations` ORDER BY `schema_migrations`.`version` ASC[0m
  ↳ /home/stefania/.rvm/gems/ruby-2.6.1/gems/activerecord-5.2.3/lib/active_record/log_subscriber.rb:98
Processing by Devise::SessionsController#new as HTML
  Rendering devise/sessions/new.html.erb within layouts/application
  Rendered devise/shared/_links.html.erb (2.0ms)
  Rendered devise/sessions/new.html.erb within layouts/application (14.4ms)
  Rendered partials/_navigation.html.erb (1.0ms)
Completed 200 OK in 365ms (Views: 322.2ms | ActiveRecord: 1.1ms)


Started GET "/users/sign_in" for ::1 at 2019-05-20 23:51:14 -0500
Processing by Devise::SessionsController#new as HTML
  Rendering devise/sessions/new.html.erb within layouts/application
  Rendered devise/shared/_links.html.erb (1.4ms)
  Rendered devise/sessions/new.html.erb within layouts/application (4.5ms)
  Rendered partials/_navigation.html.erb (0.7ms)
Completed 200 OK in 38ms (Views: 37.1ms | ActiveRecord: 0.0ms)


Started GET "/users/sign_up" for ::1 at 2019-05-20 23:51:18 -0500
Processing by Devise::RegistrationsController#new as HTML
  Rendering devise/registrations/new.html.erb within layouts/application
  Rendered devise/shared/_error_messages.html.erb (0.5ms)
  Rendered devise/shared/_links.html.erb (0.8ms)
  Rendered devise/registrations/new.html.erb within layouts/application (5.6ms)
  Rendered partials/_navigation.html.erb (0.6ms)
Completed 200 OK in 32ms (Views: 27.9ms | ActiveRecord: 0.0ms)


Started GET "/users/sign_up" for ::1 at 2019-05-20 23:52:18 -0500
Processing by Devise::RegistrationsController#new as HTML
  Rendering devise/registrations/new.html.erb within layouts/application
  Rendered devise/shared/_error_messages.html.erb (0.6ms)
  Rendered devise/shared/_links.html.erb (0.9ms)
  Rendered devise/registrations/new.html.erb within layouts/application (5.5ms)
  Rendered partials/_navigation.html.erb (0.6ms)
Completed 200 OK in 46ms (Views: 45.0ms | ActiveRecord: 0.0ms)


Started GET "/users/sign_in" for ::1 at 2019-05-20 23:52:22 -0500
Processing by Devise::SessionsController#new as HTML
  Rendering devise/sessions/new.html.erb within layouts/application
  Rendered devise/shared/_links.html.erb (1.2ms)
  Rendered devise/sessions/new.html.erb within layouts/application (6.2ms)
  Rendered partials/_navigation.html.erb (0.8ms)
Completed 200 OK in 34ms (Views: 33.3ms | ActiveRecord: 0.0ms)


Started GET "/users/sign_up" for ::1 at 2019-05-20 23:52:28 -0500
Processing by Devise::RegistrationsController#new as HTML
  Rendering devise/registrations/new.html.erb within layouts/application
  Rendered devise/shared/_error_messages.html.erb (0.6ms)
  Rendered devise/shared/_links.html.erb (1.1ms)
  Rendered devise/registrations/new.html.erb within layouts/application (9.0ms)
  Rendered partials/_navigation.html.erb (1.0ms)
Completed 200 OK in 40ms (Views: 39.2ms | ActiveRecord: 0.0ms)


Started GET "/users/sign_up" for ::1 at 2019-05-20 23:53:11 -0500
Processing by Devise::RegistrationsController#new as HTML
  Rendering devise/registrations/new.html.erb within layouts/application
  Rendered devise/shared/_error_messages.html.erb (6.7ms)
  Rendered devise/shared/_links.html.erb (1.0ms)
  Rendered devise/registrations/new.html.erb within layouts/application (12.0ms)
  Rendered partials/_navigation.html.erb (1.3ms)
Completed 200 OK in 52ms (Views: 50.5ms | ActiveRecord: 0.0ms)


Started GET "/users/sign_in" for ::1 at 2019-05-20 23:53:14 -0500
Processing by Devise::SessionsController#new as HTML
  Rendering devise/sessions/new.html.erb within layouts/application
  Rendered devise/shared/_links.html.erb (4.5ms)
  Rendered devise/sessions/new.html.erb within layouts/application (12.5ms)
  Rendered partials/_navigation.html.erb (11.0ms)
Completed 200 OK in 66ms (Views: 63.8ms | ActiveRecord: 0.0ms)


Started GET "/users/sign_up" for ::1 at 2019-05-20 23:53:18 -0500
Processing by Devise::RegistrationsController#new as HTML
  Rendering devise/registrations/new.html.erb within layouts/application
  Rendered devise/shared/_error_messages.html.erb (0.6ms)
  Rendered devise/shared/_links.html.erb (0.9ms)
  Rendered devise/registrations/new.html.erb within layouts/application (7.5ms)
  Rendered partials/_navigation.html.erb (0.8ms)
Completed 200 OK in 42ms (Views: 40.8ms | ActiveRecord: 0.0ms)


Started GET "/users/sign_up" for ::1 at 2019-05-21 00:00:03 -0500
  [1m[35m (0.5ms)[0m  [1m[35mSET NAMES utf8,  @@SESSION.sql_mode = CONCAT(CONCAT(@@sql_mode, ',STRICT_ALL_TABLES'), ',NO_AUTO_VALUE_ON_ZERO'),  @@SESSION.sql_auto_is_null = 0, @@SESSION.wait_timeout = 2147483[0m
  ↳ /home/stefania/.rvm/gems/ruby-2.6.1/gems/activerecord-5.2.3/lib/active_record/log_subscriber.rb:98
Processing by Devise::RegistrationsController#new as HTML
  Rendering devise/registrations/new.html.erb within layouts/application
  Rendered devise/registrations/new.html.erb within layouts/application (0.8ms)
Completed 500 Internal Server Error in 11ms (ActiveRecord: 0.0ms)


  
SyntaxError (/home/stefania/Documentos/projects/UN_users/app/views/devise/registrations/new.html.erb:29: syntax error, unexpected tIDENTIFIER, expecting ')'
...ubmit "CREAR CUENTA, class:"btn div white" ");@output_buffer...
...                            ^~~):
  
app/views/devise/registrations/new.html.erb:29: syntax error, unexpected tIDENTIFIER, expecting ')'
Started GET "/users/sign_up" for ::1 at 2019-05-21 00:00:37 -0500
Processing by Devise::RegistrationsController#new as HTML
  Rendering devise/registrations/new.html.erb within layouts/application
  Rendered devise/shared/_error_messages.html.erb (0.4ms)
  Rendered devise/shared/_links.html.erb (0.8ms)
  Rendered devise/registrations/new.html.erb within layouts/application (4.7ms)
  Rendered partials/_navigation.html.erb (0.9ms)
Completed 200 OK in 43ms (Views: 42.2ms | ActiveRecord: 0.0ms)


Started GET "/users/sign_in" for ::1 at 2019-05-21 00:00:41 -0500
Processing by Devise::SessionsController#new as HTML
  Rendering devise/sessions/new.html.erb within layouts/application
  Rendered devise/shared/_links.html.erb (1.6ms)
  Rendered devise/sessions/new.html.erb within layouts/application (6.1ms)
  Rendered partials/_navigation.html.erb (0.6ms)
Completed 200 OK in 34ms (Views: 32.5ms | ActiveRecord: 0.0ms)


Started GET "/users/sign_up" for ::1 at 2019-05-21 00:00:44 -0500
Processing by Devise::RegistrationsController#new as HTML
  Rendering devise/registrations/new.html.erb within layouts/application
  Rendered devise/shared/_error_messages.html.erb (0.8ms)
  Rendered devise/shared/_links.html.erb (2.0ms)
  Rendered devise/registrations/new.html.erb within layouts/application (10.2ms)
  Rendered partials/_navigation.html.erb (0.8ms)
Completed 200 OK in 36ms (Views: 35.3ms | ActiveRecord: 0.0ms)


Started GET "/users/sign_in" for ::1 at 2019-05-21 00:00:45 -0500
Processing by Devise::SessionsController#new as HTML
  Rendering devise/sessions/new.html.erb within layouts/application
  Rendered devise/shared/_links.html.erb (1.4ms)
  Rendered devise/sessions/new.html.erb within layouts/application (5.4ms)
  Rendered partials/_navigation.html.erb (0.7ms)
Completed 200 OK in 56ms (Views: 28.9ms | ActiveRecord: 0.0ms)


Started GET "/users/sign_up" for ::1 at 2019-05-21 00:00:49 -0500
Processing by Devise::RegistrationsController#new as HTML
  Rendering devise/registrations/new.html.erb within layouts/application
  Rendered devise/shared/_error_messages.html.erb (0.6ms)
  Rendered devise/shared/_links.html.erb (0.7ms)
  Rendered devise/registrations/new.html.erb within layouts/application (5.1ms)
  Rendered partials/_navigation.html.erb (1.4ms)
Completed 200 OK in 29ms (Views: 28.4ms | ActiveRecord: 0.0ms)


Started GET "/users/sign_in" for ::1 at 2019-05-21 00:00:51 -0500
Processing by Devise::SessionsController#new as HTML
  Rendering devise/sessions/new.html.erb within layouts/application
  Rendered devise/shared/_links.html.erb (1.4ms)
  Rendered devise/sessions/new.html.erb within layouts/application (8.9ms)
  Rendered partials/_navigation.html.erb (1.8ms)
Completed 200 OK in 36ms (Views: 35.2ms | ActiveRecord: 0.0ms)


